2024-12-10T00:02:00.845-03:00  INFO 9646 --- [managerorder] [main] b.c.v.m.ManagerorderApplication          : Starting ManagerorderApplication using Java 17.0.13 with PID 9646 (/home/vilatoro/Projetos/personal/managerorder/build/classes/java/main started by vilatoro in /home/vilatoro/Projetos/personal/managerorder)
2024-12-10T00:02:00.848-03:00  INFO 9646 --- [managerorder] [main] b.c.v.m.ManagerorderApplication          : No active profile set, falling back to 1 default profile: "default"
2024-12-10T00:02:01.437-03:00  INFO 9646 --- [managerorder] [main] .s.d.r.c.RepositoryConfigurationDelegate : Bootstrapping Spring Data JPA repositories in DEFAULT mode.
2024-12-10T00:02:01.451-03:00  INFO 9646 --- [managerorder] [main] .s.d.r.c.RepositoryConfigurationDelegate : Finished Spring Data repository scanning in 7 ms. Found 0 JPA repository interfaces.
2024-12-10T00:02:01.874-03:00  INFO 9646 --- [managerorder] [main] o.s.b.w.embedded.tomcat.TomcatWebServer  : Tomcat initialized with port 8082 (http)
2024-12-10T00:02:01.882-03:00  INFO 9646 --- [managerorder] [main] o.apache.catalina.core.StandardService   : Starting service [Tomcat]
2024-12-10T00:02:01.882-03:00  INFO 9646 --- [managerorder] [main] o.apache.catalina.core.StandardEngine    : Starting Servlet engine: [Apache Tomcat/10.1.33]
2024-12-10T00:02:01.912-03:00  INFO 9646 --- [managerorder] [main] o.a.c.c.C.[Tomcat].[localhost].[/]       : Initializing Spring embedded WebApplicationContext
2024-12-10T00:02:01.912-03:00  INFO 9646 --- [managerorder] [main] w.s.c.ServletWebServerApplicationContext : Root WebApplicationContext: initialization completed in 1027 ms
2024-12-10T00:02:02.098-03:00  INFO 9646 --- [managerorder] [main] com.zaxxer.hikari.HikariDataSource       : HikariPool-1 - Starting...
2024-12-10T00:02:02.197-03:00  INFO 9646 --- [managerorder] [main] com.zaxxer.hikari.pool.HikariPool        : HikariPool-1 - Added connection conn0: url=jdbc:h2:mem:c266b2ae-f927-4fd0-b8d5-08fc4759bcac user=SA
2024-12-10T00:02:02.199-03:00  INFO 9646 --- [managerorder] [main] com.zaxxer.hikari.HikariDataSource       : HikariPool-1 - Start completed.
2024-12-10T00:02:02.234-03:00  INFO 9646 --- [managerorder] [main] liquibase.database                       : Set default schema name to PUBLIC
2024-12-10T00:02:02.485-03:00  INFO 9646 --- [managerorder] [main] liquibase.changelog                      : Creating database history table with name: PUBLIC.DATABASECHANGELOG
2024-12-10T00:02:02.549-03:00  INFO 9646 --- [managerorder] [main] liquibase.changelog                      : Reading from PUBLIC.DATABASECHANGELOG
2024-12-10T00:02:02.574-03:00  INFO 9646 --- [managerorder] [main] liquibase.ui                             : Database is up to date, no changesets to execute
2024-12-10T00:02:02.575-03:00  INFO 9646 --- [managerorder] [main] liquibase.changelog                      : Reading from PUBLIC.DATABASECHANGELOG
2024-12-10T00:02:02.580-03:00  INFO 9646 --- [managerorder] [main] liquibase.util                           : UPDATE SUMMARY
2024-12-10T00:02:02.580-03:00  INFO 9646 --- [managerorder] [main] liquibase.util                           : Run:                          0
2024-12-10T00:02:02.580-03:00  INFO 9646 --- [managerorder] [main] liquibase.util                           : Previously run:               0
2024-12-10T00:02:02.580-03:00  INFO 9646 --- [managerorder] [main] liquibase.util                           : Filtered out:                 0
2024-12-10T00:02:02.580-03:00  INFO 9646 --- [managerorder] [main] liquibase.util                           : -------------------------------
2024-12-10T00:02:02.580-03:00  INFO 9646 --- [managerorder] [main] liquibase.util                           : Total change sets:            0
2024-12-10T00:02:02.581-03:00  INFO 9646 --- [managerorder] [main] liquibase.util                           : Update summary generated
2024-12-10T00:02:02.582-03:00  INFO 9646 --- [managerorder] [main] liquibase.command                        : Command execution complete
2024-12-10T00:02:02.643-03:00  INFO 9646 --- [managerorder] [main] o.hibernate.jpa.internal.util.LogHelper  : HHH000204: Processing PersistenceUnitInfo [name: default]
2024-12-10T00:02:02.672-03:00  INFO 9646 --- [managerorder] [main] org.hibernate.Version                    : HHH000412: Hibernate ORM core version 6.6.2.Final
2024-12-10T00:02:02.691-03:00  INFO 9646 --- [managerorder] [main] o.h.c.internal.RegionFactoryInitiator    : HHH000026: Second-level cache disabled
2024-12-10T00:02:02.834-03:00  INFO 9646 --- [managerorder] [main] o.s.o.j.p.SpringPersistenceUnitInfo      : No LoadTimeWeaver setup: ignoring JPA class transformer
2024-12-10T00:02:02.843-03:00  WARN 9646 --- [managerorder] [main] org.hibernate.orm.deprecation            : HHH90000021: Encountered deprecated setting [hibernate.temp.use_jdbc_metadata_defaults], use [hibernate.boot.allow_jdbc_metadata_access] instead
2024-12-10T00:02:02.851-03:00  WARN 9646 --- [managerorder] [main] org.hibernate.orm.deprecation            : HHH90000025: H2Dialect does not need to be specified explicitly using 'hibernate.dialect' (remove the property setting and it will be selected by default)
2024-12-10T00:02:02.861-03:00  INFO 9646 --- [managerorder] [main] org.hibernate.orm.connections.pooling    : HHH10001005: Database info:
	Database JDBC URL [undefined/unknown]
	Database driver: undefined/unknown
	Database version: 2.1.214
	Autocommit mode: undefined/unknown
	Isolation level: <unknown>
	Minimum pool size: undefined/unknown
	Maximum pool size: undefined/unknown
2024-12-10T00:02:03.044-03:00  INFO 9646 --- [managerorder] [main] o.h.e.t.j.p.i.JtaPlatformInitiator       : HHH000489: No JTA platform available (set 'hibernate.transaction.jta.platform' to enable JTA platform integration)
2024-12-10T00:02:03.047-03:00  INFO 9646 --- [managerorder] [main] j.LocalContainerEntityManagerFactoryBean : Initialized JPA EntityManagerFactory for persistence unit 'default'
2024-12-10T00:02:03.092-03:00  WARN 9646 --- [managerorder] [main] JpaBaseConfiguration$JpaWebConfiguration : spring.jpa.open-in-view is enabled by default. Therefore, database queries may be performed during view rendering. Explicitly configure spring.jpa.open-in-view to disable this warning
2024-12-10T00:02:03.647-03:00  INFO 9646 --- [managerorder] [main] o.s.b.a.e.web.EndpointLinksResolver      : Exposing 16 endpoints beneath base path '/actuator'
2024-12-10T00:02:03.713-03:00  INFO 9646 --- [managerorder] [main] o.s.b.w.embedded.tomcat.TomcatWebServer  : Tomcat started on port 8082 (http) with context path '/'
2024-12-10T00:02:03.724-03:00  INFO 9646 --- [managerorder] [main] b.c.v.m.ManagerorderApplication          : Started ManagerorderApplication in 3.234 seconds (process running for 3.455)
2024-12-10T00:03:06.948-03:00  INFO 9646 --- [managerorder] [http-nio-8082-exec-1] o.a.c.c.C.[Tomcat].[localhost].[/]       : Initializing Spring DispatcherServlet 'dispatcherServlet'
2024-12-10T00:03:06.948-03:00  INFO 9646 --- [managerorder] [http-nio-8082-exec-1] o.s.web.servlet.DispatcherServlet        : Initializing Servlet 'dispatcherServlet'
2024-12-10T00:03:06.949-03:00  INFO 9646 --- [managerorder] [http-nio-8082-exec-1] o.s.web.servlet.DispatcherServlet        : Completed initialization in 1 ms
2024-12-10T00:03:51.932-03:00  INFO 9646 --- [managerorder] [SpringApplicationShutdownHook] o.s.b.w.e.tomcat.GracefulShutdown        : Commencing graceful shutdown. Waiting for active requests to complete
2024-12-10T00:03:51.938-03:00  INFO 9646 --- [managerorder] [tomcat-shutdown] o.s.b.w.e.tomcat.GracefulShutdown        : Graceful shutdown complete
2024-12-10T00:03:51.942-03:00  INFO 9646 --- [managerorder] [SpringApplicationShutdownHook] j.LocalContainerEntityManagerFactoryBean : Closing JPA EntityManagerFactory for persistence unit 'default'
2024-12-10T00:03:51.945-03:00  INFO 9646 --- [managerorder] [SpringApplicationShutdownHook] com.zaxxer.hikari.HikariDataSource       : HikariPool-1 - Shutdown initiated...
2024-12-10T00:03:51.948-03:00  INFO 9646 --- [managerorder] [SpringApplicationShutdownHook] com.zaxxer.hikari.HikariDataSource       : HikariPool-1 - Shutdown completed.
2024-12-10T00:05:54.593-03:00  INFO 9920 --- [managerorder] [main] b.c.v.m.ManagerorderApplication          : Starting ManagerorderApplication using Java 17.0.13 with PID 9920 (/home/vilatoro/Projetos/personal/managerorder/build/classes/java/main started by vilatoro in /home/vilatoro/Projetos/personal/managerorder)
2024-12-10T00:05:54.596-03:00  INFO 9920 --- [managerorder] [main] b.c.v.m.ManagerorderApplication          : No active profile set, falling back to 1 default profile: "default"
2024-12-10T00:05:55.187-03:00  INFO 9920 --- [managerorder] [main] .s.d.r.c.RepositoryConfigurationDelegate : Bootstrapping Spring Data JPA repositories in DEFAULT mode.
2024-12-10T00:05:55.201-03:00  INFO 9920 --- [managerorder] [main] .s.d.r.c.RepositoryConfigurationDelegate : Finished Spring Data repository scanning in 8 ms. Found 0 JPA repository interfaces.
2024-12-10T00:05:55.682-03:00  INFO 9920 --- [managerorder] [main] o.s.b.w.embedded.tomcat.TomcatWebServer  : Tomcat initialized with port 8082 (http)
2024-12-10T00:05:55.691-03:00  INFO 9920 --- [managerorder] [main] o.apache.catalina.core.StandardService   : Starting service [Tomcat]
2024-12-10T00:05:55.691-03:00  INFO 9920 --- [managerorder] [main] o.apache.catalina.core.StandardEngine    : Starting Servlet engine: [Apache Tomcat/10.1.33]
2024-12-10T00:05:55.723-03:00  INFO 9920 --- [managerorder] [main] o.a.c.c.C.[Tomcat].[localhost].[/]       : Initializing Spring embedded WebApplicationContext
2024-12-10T00:05:55.723-03:00  INFO 9920 --- [managerorder] [main] w.s.c.ServletWebServerApplicationContext : Root WebApplicationContext: initialization completed in 1087 ms
2024-12-10T00:05:55.911-03:00  INFO 9920 --- [managerorder] [main] com.zaxxer.hikari.HikariDataSource       : HikariPool-1 - Starting...
2024-12-10T00:05:56.013-03:00  INFO 9920 --- [managerorder] [main] com.zaxxer.hikari.pool.HikariPool        : HikariPool-1 - Added connection conn0: url=jdbc:h2:mem:dea293dc-6929-4c0b-af64-5f688f4dcc73 user=SA
2024-12-10T00:05:56.014-03:00  INFO 9920 --- [managerorder] [main] com.zaxxer.hikari.HikariDataSource       : HikariPool-1 - Start completed.
2024-12-10T00:05:56.053-03:00  INFO 9920 --- [managerorder] [main] liquibase.database                       : Set default schema name to PUBLIC
2024-12-10T00:05:56.296-03:00  INFO 9920 --- [managerorder] [main] liquibase.changelog                      : Creating database history table with name: PUBLIC.DATABASECHANGELOG
2024-12-10T00:05:56.442-03:00  INFO 9920 --- [managerorder] [main] liquibase.changelog                      : Reading from PUBLIC.DATABASECHANGELOG
2024-12-10T00:05:56.475-03:00  INFO 9920 --- [managerorder] [main] liquibase.ui                             : Database is up to date, no changesets to execute
2024-12-10T00:05:56.476-03:00  INFO 9920 --- [managerorder] [main] liquibase.changelog                      : Reading from PUBLIC.DATABASECHANGELOG
2024-12-10T00:05:56.482-03:00  INFO 9920 --- [managerorder] [main] liquibase.util                           : UPDATE SUMMARY
2024-12-10T00:05:56.483-03:00  INFO 9920 --- [managerorder] [main] liquibase.util                           : Run:                          0
2024-12-10T00:05:56.483-03:00  INFO 9920 --- [managerorder] [main] liquibase.util                           : Previously run:               0
2024-12-10T00:05:56.483-03:00  INFO 9920 --- [managerorder] [main] liquibase.util                           : Filtered out:                 0
2024-12-10T00:05:56.483-03:00  INFO 9920 --- [managerorder] [main] liquibase.util                           : -------------------------------
2024-12-10T00:05:56.483-03:00  INFO 9920 --- [managerorder] [main] liquibase.util                           : Total change sets:            0
2024-12-10T00:05:56.483-03:00  INFO 9920 --- [managerorder] [main] liquibase.util                           : Update summary generated
2024-12-10T00:05:56.484-03:00  INFO 9920 --- [managerorder] [main] liquibase.command                        : Command execution complete
2024-12-10T00:05:56.541-03:00  INFO 9920 --- [managerorder] [main] o.hibernate.jpa.internal.util.LogHelper  : HHH000204: Processing PersistenceUnitInfo [name: default]
2024-12-10T00:05:56.567-03:00  INFO 9920 --- [managerorder] [main] org.hibernate.Version                    : HHH000412: Hibernate ORM core version 6.6.2.Final
2024-12-10T00:05:56.586-03:00  INFO 9920 --- [managerorder] [main] o.h.c.internal.RegionFactoryInitiator    : HHH000026: Second-level cache disabled
2024-12-10T00:05:56.727-03:00  INFO 9920 --- [managerorder] [main] o.s.o.j.p.SpringPersistenceUnitInfo      : No LoadTimeWeaver setup: ignoring JPA class transformer
2024-12-10T00:05:56.743-03:00  WARN 9920 --- [managerorder] [main] org.hibernate.orm.deprecation            : HHH90000021: Encountered deprecated setting [hibernate.temp.use_jdbc_metadata_defaults], use [hibernate.boot.allow_jdbc_metadata_access] instead
2024-12-10T00:05:56.754-03:00  WARN 9920 --- [managerorder] [main] org.hibernate.orm.deprecation            : HHH90000025: H2Dialect does not need to be specified explicitly using 'hibernate.dialect' (remove the property setting and it will be selected by default)
2024-12-10T00:05:56.764-03:00  INFO 9920 --- [managerorder] [main] org.hibernate.orm.connections.pooling    : HHH10001005: Database info:
	Database JDBC URL [undefined/unknown]
	Database driver: undefined/unknown
	Database version: 2.1.214
	Autocommit mode: undefined/unknown
	Isolation level: <unknown>
	Minimum pool size: undefined/unknown
	Maximum pool size: undefined/unknown
2024-12-10T00:05:56.967-03:00  INFO 9920 --- [managerorder] [main] o.h.e.t.j.p.i.JtaPlatformInitiator       : HHH000489: No JTA platform available (set 'hibernate.transaction.jta.platform' to enable JTA platform integration)
2024-12-10T00:05:56.970-03:00  INFO 9920 --- [managerorder] [main] j.LocalContainerEntityManagerFactoryBean : Initialized JPA EntityManagerFactory for persistence unit 'default'
2024-12-10T00:05:57.015-03:00  WARN 9920 --- [managerorder] [main] JpaBaseConfiguration$JpaWebConfiguration : spring.jpa.open-in-view is enabled by default. Therefore, database queries may be performed during view rendering. Explicitly configure spring.jpa.open-in-view to disable this warning
2024-12-10T00:05:57.567-03:00  INFO 9920 --- [managerorder] [main] o.s.b.a.e.web.EndpointLinksResolver      : Exposing 16 endpoints beneath base path '/actuator'
2024-12-10T00:05:57.625-03:00  INFO 9920 --- [managerorder] [main] o.s.b.w.embedded.tomcat.TomcatWebServer  : Tomcat started on port 8082 (http) with context path '/'
2024-12-10T00:05:57.637-03:00  INFO 9920 --- [managerorder] [main] b.c.v.m.ManagerorderApplication          : Started ManagerorderApplication in 3.377 seconds (process running for 3.567)
2024-12-10T00:06:02.138-03:00  INFO 9920 --- [managerorder] [SpringApplicationShutdownHook] o.s.b.w.e.tomcat.GracefulShutdown        : Commencing graceful shutdown. Waiting for active requests to complete
2024-12-10T00:06:02.143-03:00  INFO 9920 --- [managerorder] [tomcat-shutdown] o.s.b.w.e.tomcat.GracefulShutdown        : Graceful shutdown complete
2024-12-10T00:06:02.147-03:00  INFO 9920 --- [managerorder] [SpringApplicationShutdownHook] j.LocalContainerEntityManagerFactoryBean : Closing JPA EntityManagerFactory for persistence unit 'default'
2024-12-10T00:06:02.149-03:00  INFO 9920 --- [managerorder] [SpringApplicationShutdownHook] com.zaxxer.hikari.HikariDataSource       : HikariPool-1 - Shutdown initiated...
2024-12-10T00:06:02.153-03:00  INFO 9920 --- [managerorder] [SpringApplicationShutdownHook] com.zaxxer.hikari.HikariDataSource       : HikariPool-1 - Shutdown completed.
