2024-12-10T00:32:25.574-03:00  INFO [ordermanager,,,] [no_tenant] 11695 --- [ordermanager] [main] b.c.v.o.OrderManagerApplication          : Starting OrderManagerApplication using Java 17.0.13 with PID 11695 (/home/vilatoro/Projetos/personal/ordermanager/build/classes/java/main started by vilatoro in /home/vilatoro/Projetos/personal/ordermanager)
2024-12-10T00:32:25.578-03:00  INFO [ordermanager,,,] [no_tenant] 11695 --- [ordermanager] [main] b.c.v.o.OrderManagerApplication          : No active profile set, falling back to 1 default profile: "default"
2024-12-10T00:32:26.307-03:00  INFO [ordermanager,,,] [no_tenant] 11695 --- [ordermanager] [main] .s.d.r.c.RepositoryConfigurationDelegate : Bootstrapping Spring Data JPA repositories in DEFAULT mode.
2024-12-10T00:32:26.323-03:00  INFO [ordermanager,,,] [no_tenant] 11695 --- [ordermanager] [main] .s.d.r.c.RepositoryConfigurationDelegate : Finished Spring Data repository scanning in 8 ms. Found 0 JPA repository interfaces.
2024-12-10T00:32:26.830-03:00  INFO [ordermanager,,,] [no_tenant] 11695 --- [ordermanager] [main] o.s.b.w.embedded.tomcat.TomcatWebServer  : Tomcat initialized with port 8082 (http)
2024-12-10T00:32:26.840-03:00  INFO [ordermanager,,,] [no_tenant] 11695 --- [ordermanager] [main] o.apache.catalina.core.StandardService   : Starting service [Tomcat]
2024-12-10T00:32:26.840-03:00  INFO [ordermanager,,,] [no_tenant] 11695 --- [ordermanager] [main] o.apache.catalina.core.StandardEngine    : Starting Servlet engine: [Apache Tomcat/10.1.33]
2024-12-10T00:32:26.873-03:00  INFO [ordermanager,,,] [no_tenant] 11695 --- [ordermanager] [main] o.a.c.c.C.[Tomcat].[localhost].[/]       : Initializing Spring embedded WebApplicationContext
2024-12-10T00:32:26.874-03:00  INFO [ordermanager,,,] [no_tenant] 11695 --- [ordermanager] [main] w.s.c.ServletWebServerApplicationContext : Root WebApplicationContext: initialization completed in 1254 ms
2024-12-10T00:32:27.124-03:00  INFO [ordermanager,,,] [no_tenant] 11695 --- [ordermanager] [main] com.zaxxer.hikari.HikariDataSource       : HikariPool-1 - Starting...
2024-12-10T00:32:27.245-03:00  INFO [ordermanager,,,] [no_tenant] 11695 --- [ordermanager] [main] com.zaxxer.hikari.pool.HikariPool        : HikariPool-1 - Added connection conn0: url=jdbc:h2:mem:7530067a-db86-4cb7-b2a2-4de373e40046 user=SA
2024-12-10T00:32:27.247-03:00  INFO [ordermanager,,,] [no_tenant] 11695 --- [ordermanager] [main] com.zaxxer.hikari.HikariDataSource       : HikariPool-1 - Start completed.
2024-12-10T00:32:27.300-03:00  INFO [ordermanager,,,] [no_tenant] 11695 --- [ordermanager] [main] liquibase.database                       : Set default schema name to PUBLIC
2024-12-10T00:32:27.456-03:00  INFO [ordermanager,,,] [no_tenant] 11695 --- [ordermanager] [main] liquibase.command                        : Logging exception.
2024-12-10T00:32:27.457-03:00  INFO [ordermanager,,,] [no_tenant] 11695 --- [ordermanager] [main] liquibase.ui                             : ERROR: Exception Details
2024-12-10T00:32:27.457-03:00  INFO [ordermanager,,,] [no_tenant] 11695 --- [ordermanager] [main] liquibase.ui                             : ERROR: Exception Primary Class:  ChangeLogParseException
2024-12-10T00:32:27.457-03:00  INFO [ordermanager,,,] [no_tenant] 11695 --- [ordermanager] [main] liquibase.ui                             : ERROR: Exception Primary Reason:  ERROR: The file 'classpath:db/changelog/master.xml' was not found.
The file property cannot be configured with a fully qualified path, but must be a relative path on the property,
and any local or remote base of the path set on the search path.
2024-12-10T00:32:27.457-03:00  INFO [ordermanager,,,] [no_tenant] 11695 --- [ordermanager] [main] liquibase.ui                             : ERROR: Exception Primary Source:  4.29.2
2024-12-10T00:32:27.458-03:00  INFO [ordermanager,,,] [no_tenant] 11695 --- [ordermanager] [main] liquibase.command                        : Command execution complete
2024-12-10T00:32:27.460-03:00  WARN [ordermanager,,,] [no_tenant] 11695 --- [ordermanager] [main] ConfigServletWebServerApplicationContext : Exception encountered during context initialization - cancelling refresh attempt: org.springframework.beans.factory.BeanCreationException: Error creating bean with name 'entityManagerFactory' defined in class path resource [org/springframework/boot/autoconfigure/orm/jpa/HibernateJpaConfiguration.class]: Failed to initialize dependency 'liquibase' of LoadTimeWeaverAware bean 'entityManagerFactory': Error creating bean with name 'liquibase' defined in class path resource [org/springframework/boot/autoconfigure/liquibase/LiquibaseAutoConfiguration$LiquibaseConfiguration.class]: liquibase.exception.CommandExecutionException: liquibase.exception.ChangeLogParseException: ERROR: The file 'classpath:db/changelog/master.xml' was not found.
The file property cannot be configured with a fully qualified path, but must be a relative path on the property,
and any local or remote base of the path set on the search path.
2024-12-10T00:32:27.460-03:00  INFO [ordermanager,,,] [no_tenant] 11695 --- [ordermanager] [main] com.zaxxer.hikari.HikariDataSource       : HikariPool-1 - Shutdown initiated...
2024-12-10T00:32:27.472-03:00  INFO [ordermanager,,,] [no_tenant] 11695 --- [ordermanager] [main] com.zaxxer.hikari.HikariDataSource       : HikariPool-1 - Shutdown completed.
2024-12-10T00:32:27.474-03:00  INFO [ordermanager,,,] [no_tenant] 11695 --- [ordermanager] [main] o.apache.catalina.core.StandardService   : Stopping service [Tomcat]
2024-12-10T00:32:27.488-03:00  INFO [ordermanager,,,] [no_tenant] 11695 --- [ordermanager] [main] .s.b.a.l.ConditionEvaluationReportLogger : 

Error starting ApplicationContext. To display the condition evaluation report re-run your application with 'debug' enabled.
2024-12-10T00:32:27.501-03:00 ERROR [ordermanager,,,] [no_tenant] 11695 --- [ordermanager] [main] o.s.boot.SpringApplication               : Application run failed

org.springframework.beans.factory.BeanCreationException: Error creating bean with name 'entityManagerFactory' defined in class path resource [org/springframework/boot/autoconfigure/orm/jpa/HibernateJpaConfiguration.class]: Failed to initialize dependency 'liquibase' of LoadTimeWeaverAware bean 'entityManagerFactory': Error creating bean with name 'liquibase' defined in class path resource [org/springframework/boot/autoconfigure/liquibase/LiquibaseAutoConfiguration$LiquibaseConfiguration.class]: liquibase.exception.CommandExecutionException: liquibase.exception.ChangeLogParseException: ERROR: The file 'classpath:db/changelog/master.xml' was not found.
The file property cannot be configured with a fully qualified path, but must be a relative path on the property,
and any local or remote base of the path set on the search path.
	at org.springframework.beans.factory.support.AbstractBeanFactory.doGetBean(AbstractBeanFactory.java:325) ~[spring-beans-6.2.0.jar:6.2.0]
	at org.springframework.beans.factory.support.AbstractBeanFactory.getBean(AbstractBeanFactory.java:204) ~[spring-beans-6.2.0.jar:6.2.0]
	at org.springframework.context.support.AbstractApplicationContext.finishBeanFactoryInitialization(AbstractApplicationContext.java:970) ~[spring-context-6.2.0.jar:6.2.0]
	at org.springframework.context.support.AbstractApplicationContext.refresh(AbstractApplicationContext.java:627) ~[spring-context-6.2.0.jar:6.2.0]
	at org.springframework.boot.web.servlet.context.ServletWebServerApplicationContext.refresh(ServletWebServerApplicationContext.java:146) ~[spring-boot-3.4.0.jar:3.4.0]
	at org.springframework.boot.SpringApplication.refresh(SpringApplication.java:752) ~[spring-boot-3.4.0.jar:3.4.0]
	at org.springframework.boot.SpringApplication.refreshContext(SpringApplication.java:439) ~[spring-boot-3.4.0.jar:3.4.0]
	at org.springframework.boot.SpringApplication.run(SpringApplication.java:318) ~[spring-boot-3.4.0.jar:3.4.0]
	at org.springframework.boot.SpringApplication.run(SpringApplication.java:1361) ~[spring-boot-3.4.0.jar:3.4.0]
	at org.springframework.boot.SpringApplication.run(SpringApplication.java:1350) ~[spring-boot-3.4.0.jar:3.4.0]
	at br.com.vilatoro.ordermanager.OrderManagerApplication.main(OrderManagerApplication.java:10) ~[main/:na]
Caused by: org.springframework.beans.factory.BeanCreationException: Error creating bean with name 'liquibase' defined in class path resource [org/springframework/boot/autoconfigure/liquibase/LiquibaseAutoConfiguration$LiquibaseConfiguration.class]: liquibase.exception.CommandExecutionException: liquibase.exception.ChangeLogParseException: ERROR: The file 'classpath:db/changelog/master.xml' was not found.
The file property cannot be configured with a fully qualified path, but must be a relative path on the property,
and any local or remote base of the path set on the search path.
	at org.springframework.beans.factory.support.AbstractAutowireCapableBeanFactory.initializeBean(AbstractAutowireCapableBeanFactory.java:1802) ~[spring-beans-6.2.0.jar:6.2.0]
	at org.springframework.beans.factory.support.AbstractAutowireCapableBeanFactory.doCreateBean(AbstractAutowireCapableBeanFactory.java:601) ~[spring-beans-6.2.0.jar:6.2.0]
	at org.springframework.beans.factory.support.AbstractAutowireCapableBeanFactory.createBean(AbstractAutowireCapableBeanFactory.java:523) ~[spring-beans-6.2.0.jar:6.2.0]
	at org.springframework.beans.factory.support.AbstractBeanFactory.lambda$doGetBean$0(AbstractBeanFactory.java:336) ~[spring-beans-6.2.0.jar:6.2.0]
	at org.springframework.beans.factory.support.DefaultSingletonBeanRegistry.getSingleton(DefaultSingletonBeanRegistry.java:288) ~[spring-beans-6.2.0.jar:6.2.0]
	at org.springframework.beans.factory.support.AbstractBeanFactory.doGetBean(AbstractBeanFactory.java:334) ~[spring-beans-6.2.0.jar:6.2.0]
	at org.springframework.beans.factory.support.AbstractBeanFactory.getBean(AbstractBeanFactory.java:199) ~[spring-beans-6.2.0.jar:6.2.0]
	at org.springframework.beans.factory.support.AbstractBeanFactory.doGetBean(AbstractBeanFactory.java:312) ~[spring-beans-6.2.0.jar:6.2.0]
	... 10 common frames omitted
Caused by: liquibase.exception.UnexpectedLiquibaseException: liquibase.exception.CommandExecutionException: liquibase.exception.ChangeLogParseException: ERROR: The file 'classpath:db/changelog/master.xml' was not found.
The file property cannot be configured with a fully qualified path, but must be a relative path on the property,
and any local or remote base of the path set on the search path.
	at liquibase.integration.spring.SpringLiquibase.afterPropertiesSet(SpringLiquibase.java:267) ~[liquibase-core-4.29.2.jar:na]
	at org.springframework.beans.factory.support.AbstractAutowireCapableBeanFactory.invokeInitMethods(AbstractAutowireCapableBeanFactory.java:1849) ~[spring-beans-6.2.0.jar:6.2.0]
	at org.springframework.beans.factory.support.AbstractAutowireCapableBeanFactory.initializeBean(AbstractAutowireCapableBeanFactory.java:1798) ~[spring-beans-6.2.0.jar:6.2.0]
	... 17 common frames omitted
Caused by: liquibase.exception.CommandExecutionException: liquibase.exception.ChangeLogParseException: ERROR: The file 'classpath:db/changelog/master.xml' was not found.
The file property cannot be configured with a fully qualified path, but must be a relative path on the property,
and any local or remote base of the path set on the search path.
	at liquibase.command.CommandScope.execute(CommandScope.java:258) ~[liquibase-core-4.29.2.jar:na]
	at liquibase.Liquibase.lambda$update$0(Liquibase.java:216) ~[liquibase-core-4.29.2.jar:na]
	at liquibase.Scope.lambda$child$0(Scope.java:191) ~[liquibase-core-4.29.2.jar:na]
	at liquibase.Scope.child(Scope.java:200) ~[liquibase-core-4.29.2.jar:na]
	at liquibase.Scope.child(Scope.java:190) ~[liquibase-core-4.29.2.jar:na]
	at liquibase.Scope.child(Scope.java:169) ~[liquibase-core-4.29.2.jar:na]
	at liquibase.Liquibase.runInScope(Liquibase.java:1329) ~[liquibase-core-4.29.2.jar:na]
	at liquibase.Liquibase.update(Liquibase.java:205) ~[liquibase-core-4.29.2.jar:na]
	at liquibase.Liquibase.update(Liquibase.java:188) ~[liquibase-core-4.29.2.jar:na]
	at liquibase.integration.spring.SpringLiquibase.performUpdate(SpringLiquibase.java:305) ~[liquibase-core-4.29.2.jar:na]
	at liquibase.integration.spring.SpringLiquibase.lambda$afterPropertiesSet$0(SpringLiquibase.java:257) ~[liquibase-core-4.29.2.jar:na]
	at liquibase.Scope.lambda$child$0(Scope.java:191) ~[liquibase-core-4.29.2.jar:na]
	at liquibase.Scope.child(Scope.java:200) ~[liquibase-core-4.29.2.jar:na]
	at liquibase.Scope.child(Scope.java:190) ~[liquibase-core-4.29.2.jar:na]
	at liquibase.Scope.child(Scope.java:169) ~[liquibase-core-4.29.2.jar:na]
	at liquibase.Scope.child(Scope.java:257) ~[liquibase-core-4.29.2.jar:na]
	at liquibase.integration.spring.SpringLiquibase.afterPropertiesSet(SpringLiquibase.java:250) ~[liquibase-core-4.29.2.jar:na]
	... 19 common frames omitted
Caused by: liquibase.exception.ChangeLogParseException: ERROR: The file 'classpath:db/changelog/master.xml' was not found.
The file property cannot be configured with a fully qualified path, but must be a relative path on the property,
and any local or remote base of the path set on the search path.
	at liquibase.parser.core.xml.XMLChangeLogSAXParser.parseToNode(XMLChangeLogSAXParser.java:114) ~[liquibase-core-4.29.2.jar:na]
	at liquibase.parser.core.xml.AbstractChangeLogParser.parse(AbstractChangeLogParser.java:15) ~[liquibase-core-4.29.2.jar:na]
	at liquibase.command.core.helpers.DatabaseChangelogCommandStep.lambda$getDatabaseChangeLog$0(DatabaseChangelogCommandStep.java:129) ~[liquibase-core-4.29.2.jar:na]
	at liquibase.Scope.child(Scope.java:200) ~[liquibase-core-4.29.2.jar:na]
	at liquibase.Scope.child(Scope.java:176) ~[liquibase-core-4.29.2.jar:na]
	at liquibase.command.core.helpers.DatabaseChangelogCommandStep.getDatabaseChangeLog(DatabaseChangelogCommandStep.java:128) ~[liquibase-core-4.29.2.jar:na]
	at liquibase.command.core.helpers.DatabaseChangelogCommandStep.run(DatabaseChangelogCommandStep.java:87) ~[liquibase-core-4.29.2.jar:na]
	at liquibase.command.CommandScope.execute(CommandScope.java:220) ~[liquibase-core-4.29.2.jar:na]
	... 35 common frames omitted

2024-12-10T00:33:32.476-03:00  INFO [ordermanager,,,] [no_tenant] 11872 --- [ordermanager] [main] b.c.v.o.OrderManagerApplication          : Starting OrderManagerApplication using Java 17.0.13 with PID 11872 (/home/vilatoro/Projetos/personal/ordermanager/build/classes/java/main started by vilatoro in /home/vilatoro/Projetos/personal/ordermanager)
2024-12-10T00:33:32.479-03:00  INFO [ordermanager,,,] [no_tenant] 11872 --- [ordermanager] [main] b.c.v.o.OrderManagerApplication          : No active profile set, falling back to 1 default profile: "default"
2024-12-10T00:33:33.221-03:00  INFO [ordermanager,,,] [no_tenant] 11872 --- [ordermanager] [main] .s.d.r.c.RepositoryConfigurationDelegate : Bootstrapping Spring Data JPA repositories in DEFAULT mode.
2024-12-10T00:33:33.240-03:00  INFO [ordermanager,,,] [no_tenant] 11872 --- [ordermanager] [main] .s.d.r.c.RepositoryConfigurationDelegate : Finished Spring Data repository scanning in 10 ms. Found 0 JPA repository interfaces.
2024-12-10T00:33:33.755-03:00  INFO [ordermanager,,,] [no_tenant] 11872 --- [ordermanager] [main] o.s.b.w.embedded.tomcat.TomcatWebServer  : Tomcat initialized with port 8082 (http)
2024-12-10T00:33:33.764-03:00  INFO [ordermanager,,,] [no_tenant] 11872 --- [ordermanager] [main] o.apache.catalina.core.StandardService   : Starting service [Tomcat]
2024-12-10T00:33:33.764-03:00  INFO [ordermanager,,,] [no_tenant] 11872 --- [ordermanager] [main] o.apache.catalina.core.StandardEngine    : Starting Servlet engine: [Apache Tomcat/10.1.33]
2024-12-10T00:33:33.802-03:00  INFO [ordermanager,,,] [no_tenant] 11872 --- [ordermanager] [main] o.a.c.c.C.[Tomcat].[localhost].[/]       : Initializing Spring embedded WebApplicationContext
2024-12-10T00:33:33.803-03:00  INFO [ordermanager,,,] [no_tenant] 11872 --- [ordermanager] [main] w.s.c.ServletWebServerApplicationContext : Root WebApplicationContext: initialization completed in 1283 ms
2024-12-10T00:33:34.017-03:00  INFO [ordermanager,,,] [no_tenant] 11872 --- [ordermanager] [main] com.zaxxer.hikari.HikariDataSource       : HikariPool-1 - Starting...
2024-12-10T00:33:34.178-03:00  INFO [ordermanager,,,] [no_tenant] 11872 --- [ordermanager] [main] com.zaxxer.hikari.pool.HikariPool        : HikariPool-1 - Added connection conn0: url=jdbc:h2:mem:41502a82-92cd-43ba-bb46-747ceda0d10f user=SA
2024-12-10T00:33:34.180-03:00  INFO [ordermanager,,,] [no_tenant] 11872 --- [ordermanager] [main] com.zaxxer.hikari.HikariDataSource       : HikariPool-1 - Start completed.
2024-12-10T00:33:34.233-03:00  INFO [ordermanager,,,] [no_tenant] 11872 --- [ordermanager] [main] liquibase.database                       : Set default schema name to PUBLIC
2024-12-10T00:33:34.511-03:00  INFO [ordermanager,,,] [no_tenant] 11872 --- [ordermanager] [main] liquibase.changelog                      : Creating database history table with name: PUBLIC.DATABASECHANGELOG
2024-12-10T00:33:34.621-03:00  INFO [ordermanager,,,] [no_tenant] 11872 --- [ordermanager] [main] liquibase.changelog                      : Reading from PUBLIC.DATABASECHANGELOG
2024-12-10T00:33:34.653-03:00  INFO [ordermanager,,,] [no_tenant] 11872 --- [ordermanager] [main] liquibase.ui                             : Database is up to date, no changesets to execute
2024-12-10T00:33:34.655-03:00  INFO [ordermanager,,,] [no_tenant] 11872 --- [ordermanager] [main] liquibase.changelog                      : Reading from PUBLIC.DATABASECHANGELOG
2024-12-10T00:33:34.660-03:00  INFO [ordermanager,,,] [no_tenant] 11872 --- [ordermanager] [main] liquibase.util                           : UPDATE SUMMARY
2024-12-10T00:33:34.660-03:00  INFO [ordermanager,,,] [no_tenant] 11872 --- [ordermanager] [main] liquibase.util                           : Run:                          0
2024-12-10T00:33:34.660-03:00  INFO [ordermanager,,,] [no_tenant] 11872 --- [ordermanager] [main] liquibase.util                           : Previously run:               0
2024-12-10T00:33:34.660-03:00  INFO [ordermanager,,,] [no_tenant] 11872 --- [ordermanager] [main] liquibase.util                           : Filtered out:                 0
2024-12-10T00:33:34.660-03:00  INFO [ordermanager,,,] [no_tenant] 11872 --- [ordermanager] [main] liquibase.util                           : -------------------------------
2024-12-10T00:33:34.661-03:00  INFO [ordermanager,,,] [no_tenant] 11872 --- [ordermanager] [main] liquibase.util                           : Total change sets:            0
2024-12-10T00:33:34.661-03:00  INFO [ordermanager,,,] [no_tenant] 11872 --- [ordermanager] [main] liquibase.util                           : Update summary generated
2024-12-10T00:33:34.662-03:00  INFO [ordermanager,,,] [no_tenant] 11872 --- [ordermanager] [main] liquibase.command                        : Command execution complete
2024-12-10T00:33:34.718-03:00  INFO [ordermanager,,,] [no_tenant] 11872 --- [ordermanager] [main] o.hibernate.jpa.internal.util.LogHelper  : HHH000204: Processing PersistenceUnitInfo [name: default]
2024-12-10T00:33:34.747-03:00  INFO [ordermanager,,,] [no_tenant] 11872 --- [ordermanager] [main] org.hibernate.Version                    : HHH000412: Hibernate ORM core version 6.6.2.Final
2024-12-10T00:33:34.766-03:00  INFO [ordermanager,,,] [no_tenant] 11872 --- [ordermanager] [main] o.h.c.internal.RegionFactoryInitiator    : HHH000026: Second-level cache disabled
2024-12-10T00:33:34.935-03:00  INFO [ordermanager,,,] [no_tenant] 11872 --- [ordermanager] [main] o.s.o.j.p.SpringPersistenceUnitInfo      : No LoadTimeWeaver setup: ignoring JPA class transformer
2024-12-10T00:33:34.944-03:00  WARN [ordermanager,,,] [no_tenant] 11872 --- [ordermanager] [main] org.hibernate.orm.deprecation            : HHH90000021: Encountered deprecated setting [hibernate.temp.use_jdbc_metadata_defaults], use [hibernate.boot.allow_jdbc_metadata_access] instead
2024-12-10T00:33:34.952-03:00  WARN [ordermanager,,,] [no_tenant] 11872 --- [ordermanager] [main] org.hibernate.orm.deprecation            : HHH90000025: H2Dialect does not need to be specified explicitly using 'hibernate.dialect' (remove the property setting and it will be selected by default)
2024-12-10T00:33:34.963-03:00  INFO [ordermanager,,,] [no_tenant] 11872 --- [ordermanager] [main] org.hibernate.orm.connections.pooling    : HHH10001005: Database info:
	Database JDBC URL [undefined/unknown]
	Database driver: undefined/unknown
	Database version: 2.1.214
	Autocommit mode: undefined/unknown
	Isolation level: <unknown>
	Minimum pool size: undefined/unknown
	Maximum pool size: undefined/unknown
2024-12-10T00:33:35.179-03:00  INFO [ordermanager,,,] [no_tenant] 11872 --- [ordermanager] [main] o.h.e.t.j.p.i.JtaPlatformInitiator       : HHH000489: No JTA platform available (set 'hibernate.transaction.jta.platform' to enable JTA platform integration)
2024-12-10T00:33:35.183-03:00  INFO [ordermanager,,,] [no_tenant] 11872 --- [ordermanager] [main] j.LocalContainerEntityManagerFactoryBean : Initialized JPA EntityManagerFactory for persistence unit 'default'
2024-12-10T00:33:35.231-03:00  WARN [ordermanager,,,] [no_tenant] 11872 --- [ordermanager] [main] JpaBaseConfiguration$JpaWebConfiguration : spring.jpa.open-in-view is enabled by default. Therefore, database queries may be performed during view rendering. Explicitly configure spring.jpa.open-in-view to disable this warning
2024-12-10T00:33:35.383-03:00  WARN [ordermanager,,,] [no_tenant] 11872 --- [ordermanager] [main] ConfigServletWebServerApplicationContext : Exception encountered during context initialization - cancelling refresh attempt: org.springframework.beans.factory.BeanCreationException: Error creating bean with name 'routerFunctionMapping' defined in class path resource [org/springframework/boot/autoconfigure/web/servlet/WebMvcAutoConfiguration$EnableWebMvcConfiguration.class]: Failed to instantiate [org.springframework.web.servlet.function.support.RouterFunctionMapping]: Factory method 'routerFunctionMapping' threw exception with message: Error creating bean with name 'messageConverters' defined in class path resource [org/springframework/boot/autoconfigure/http/HttpMessageConvertersAutoConfiguration.class]: Failed to instantiate [org.springframework.boot.autoconfigure.http.HttpMessageConverters]: Factory method 'messageConverters' threw exception with message: Error creating bean with name 'mappingJackson2HttpMessageConverter' defined in class path resource [org/springframework/boot/autoconfigure/http/JacksonHttpMessageConvertersConfiguration$MappingJackson2HttpMessageConverterConfiguration.class]: Unsatisfied dependency expressed through method 'mappingJackson2HttpMessageConverter' parameter 0: Error creating bean with name 'jacksonObjectMapper' defined in class path resource [org/springframework/boot/autoconfigure/jackson/JacksonAutoConfiguration$JacksonObjectMapperConfiguration.class]: Unsatisfied dependency expressed through method 'jacksonObjectMapper' parameter 0: Error creating bean with name 'jacksonObjectMapperBuilder' defined in class path resource [org/springframework/boot/autoconfigure/jackson/JacksonAutoConfiguration$JacksonObjectMapperBuilderConfiguration.class]: Failed to instantiate [org.springframework.http.converter.json.Jackson2ObjectMapperBuilder]: Factory method 'jacksonObjectMapperBuilder' threw exception with message: Illegal pattern character 'b'
2024-12-10T00:33:35.384-03:00  INFO [ordermanager,,,] [no_tenant] 11872 --- [ordermanager] [main] j.LocalContainerEntityManagerFactoryBean : Closing JPA EntityManagerFactory for persistence unit 'default'
2024-12-10T00:33:35.386-03:00  INFO [ordermanager,,,] [no_tenant] 11872 --- [ordermanager] [main] com.zaxxer.hikari.HikariDataSource       : HikariPool-1 - Shutdown initiated...
2024-12-10T00:33:35.388-03:00  INFO [ordermanager,,,] [no_tenant] 11872 --- [ordermanager] [main] com.zaxxer.hikari.HikariDataSource       : HikariPool-1 - Shutdown completed.
2024-12-10T00:33:35.390-03:00  INFO [ordermanager,,,] [no_tenant] 11872 --- [ordermanager] [main] o.apache.catalina.core.StandardService   : Stopping service [Tomcat]
2024-12-10T00:33:35.403-03:00  INFO [ordermanager,,,] [no_tenant] 11872 --- [ordermanager] [main] .s.b.a.l.ConditionEvaluationReportLogger : 

Error starting ApplicationContext. To display the condition evaluation report re-run your application with 'debug' enabled.
2024-12-10T00:33:35.412-03:00 ERROR [ordermanager,,,] [no_tenant] 11872 --- [ordermanager] [main] o.s.boot.SpringApplication               : Application run failed

org.springframework.beans.factory.BeanCreationException: Error creating bean with name 'routerFunctionMapping' defined in class path resource [org/springframework/boot/autoconfigure/web/servlet/WebMvcAutoConfiguration$EnableWebMvcConfiguration.class]: Failed to instantiate [org.springframework.web.servlet.function.support.RouterFunctionMapping]: Factory method 'routerFunctionMapping' threw exception with message: Error creating bean with name 'messageConverters' defined in class path resource [org/springframework/boot/autoconfigure/http/HttpMessageConvertersAutoConfiguration.class]: Failed to instantiate [org.springframework.boot.autoconfigure.http.HttpMessageConverters]: Factory method 'messageConverters' threw exception with message: Error creating bean with name 'mappingJackson2HttpMessageConverter' defined in class path resource [org/springframework/boot/autoconfigure/http/JacksonHttpMessageConvertersConfiguration$MappingJackson2HttpMessageConverterConfiguration.class]: Unsatisfied dependency expressed through method 'mappingJackson2HttpMessageConverter' parameter 0: Error creating bean with name 'jacksonObjectMapper' defined in class path resource [org/springframework/boot/autoconfigure/jackson/JacksonAutoConfiguration$JacksonObjectMapperConfiguration.class]: Unsatisfied dependency expressed through method 'jacksonObjectMapper' parameter 0: Error creating bean with name 'jacksonObjectMapperBuilder' defined in class path resource [org/springframework/boot/autoconfigure/jackson/JacksonAutoConfiguration$JacksonObjectMapperBuilderConfiguration.class]: Failed to instantiate [org.springframework.http.converter.json.Jackson2ObjectMapperBuilder]: Factory method 'jacksonObjectMapperBuilder' threw exception with message: Illegal pattern character 'b'
	at org.springframework.beans.factory.support.ConstructorResolver.instantiate(ConstructorResolver.java:657) ~[spring-beans-6.2.0.jar:6.2.0]
	at org.springframework.beans.factory.support.ConstructorResolver.instantiateUsingFactoryMethod(ConstructorResolver.java:645) ~[spring-beans-6.2.0.jar:6.2.0]
	at org.springframework.beans.factory.support.AbstractAutowireCapableBeanFactory.instantiateUsingFactoryMethod(AbstractAutowireCapableBeanFactory.java:1351) ~[spring-beans-6.2.0.jar:6.2.0]
	at org.springframework.beans.factory.support.AbstractAutowireCapableBeanFactory.createBeanInstance(AbstractAutowireCapableBeanFactory.java:1181) ~[spring-beans-6.2.0.jar:6.2.0]
	at org.springframework.beans.factory.support.AbstractAutowireCapableBeanFactory.doCreateBean(AbstractAutowireCapableBeanFactory.java:563) ~[spring-beans-6.2.0.jar:6.2.0]
	at org.springframework.beans.factory.support.AbstractAutowireCapableBeanFactory.createBean(AbstractAutowireCapableBeanFactory.java:523) ~[spring-beans-6.2.0.jar:6.2.0]
	at org.springframework.beans.factory.support.AbstractBeanFactory.lambda$doGetBean$0(AbstractBeanFactory.java:336) ~[spring-beans-6.2.0.jar:6.2.0]
	at org.springframework.beans.factory.support.DefaultSingletonBeanRegistry.getSingleton(DefaultSingletonBeanRegistry.java:288) ~[spring-beans-6.2.0.jar:6.2.0]
	at org.springframework.beans.factory.support.AbstractBeanFactory.doGetBean(AbstractBeanFactory.java:334) ~[spring-beans-6.2.0.jar:6.2.0]
	at org.springframework.beans.factory.support.AbstractBeanFactory.getBean(AbstractBeanFactory.java:199) ~[spring-beans-6.2.0.jar:6.2.0]
	at org.springframework.beans.factory.support.DefaultListableBeanFactory.instantiateSingleton(DefaultListableBeanFactory.java:1122) ~[spring-beans-6.2.0.jar:6.2.0]
	at org.springframework.beans.factory.support.DefaultListableBeanFactory.preInstantiateSingleton(DefaultListableBeanFactory.java:1093) ~[spring-beans-6.2.0.jar:6.2.0]
	at org.springframework.beans.factory.support.DefaultListableBeanFactory.preInstantiateSingletons(DefaultListableBeanFactory.java:1030) ~[spring-beans-6.2.0.jar:6.2.0]
	at org.springframework.context.support.AbstractApplicationContext.finishBeanFactoryInitialization(AbstractApplicationContext.java:987) ~[spring-context-6.2.0.jar:6.2.0]
	at org.springframework.context.support.AbstractApplicationContext.refresh(AbstractApplicationContext.java:627) ~[spring-context-6.2.0.jar:6.2.0]
	at org.springframework.boot.web.servlet.context.ServletWebServerApplicationContext.refresh(ServletWebServerApplicationContext.java:146) ~[spring-boot-3.4.0.jar:3.4.0]
	at org.springframework.boot.SpringApplication.refresh(SpringApplication.java:752) ~[spring-boot-3.4.0.jar:3.4.0]
	at org.springframework.boot.SpringApplication.refreshContext(SpringApplication.java:439) ~[spring-boot-3.4.0.jar:3.4.0]
	at org.springframework.boot.SpringApplication.run(SpringApplication.java:318) ~[spring-boot-3.4.0.jar:3.4.0]
	at org.springframework.boot.SpringApplication.run(SpringApplication.java:1361) ~[spring-boot-3.4.0.jar:3.4.0]
	at org.springframework.boot.SpringApplication.run(SpringApplication.java:1350) ~[spring-boot-3.4.0.jar:3.4.0]
	at br.com.vilatoro.ordermanager.OrderManagerApplication.main(OrderManagerApplication.java:10) ~[main/:na]
Caused by: org.springframework.beans.BeanInstantiationException: Failed to instantiate [org.springframework.web.servlet.function.support.RouterFunctionMapping]: Factory method 'routerFunctionMapping' threw exception with message: Error creating bean with name 'messageConverters' defined in class path resource [org/springframework/boot/autoconfigure/http/HttpMessageConvertersAutoConfiguration.class]: Failed to instantiate [org.springframework.boot.autoconfigure.http.HttpMessageConverters]: Factory method 'messageConverters' threw exception with message: Error creating bean with name 'mappingJackson2HttpMessageConverter' defined in class path resource [org/springframework/boot/autoconfigure/http/JacksonHttpMessageConvertersConfiguration$MappingJackson2HttpMessageConverterConfiguration.class]: Unsatisfied dependency expressed through method 'mappingJackson2HttpMessageConverter' parameter 0: Error creating bean with name 'jacksonObjectMapper' defined in class path resource [org/springframework/boot/autoconfigure/jackson/JacksonAutoConfiguration$JacksonObjectMapperConfiguration.class]: Unsatisfied dependency expressed through method 'jacksonObjectMapper' parameter 0: Error creating bean with name 'jacksonObjectMapperBuilder' defined in class path resource [org/springframework/boot/autoconfigure/jackson/JacksonAutoConfiguration$JacksonObjectMapperBuilderConfiguration.class]: Failed to instantiate [org.springframework.http.converter.json.Jackson2ObjectMapperBuilder]: Factory method 'jacksonObjectMapperBuilder' threw exception with message: Illegal pattern character 'b'
	at org.springframework.beans.factory.support.SimpleInstantiationStrategy.lambda$instantiate$0(SimpleInstantiationStrategy.java:199) ~[spring-beans-6.2.0.jar:6.2.0]
	at org.springframework.beans.factory.support.SimpleInstantiationStrategy.instantiateWithFactoryMethod(SimpleInstantiationStrategy.java:88) ~[spring-beans-6.2.0.jar:6.2.0]
	at org.springframework.beans.factory.support.SimpleInstantiationStrategy.instantiate(SimpleInstantiationStrategy.java:168) ~[spring-beans-6.2.0.jar:6.2.0]
	at org.springframework.beans.factory.support.ConstructorResolver.instantiate(ConstructorResolver.java:653) ~[spring-beans-6.2.0.jar:6.2.0]
	... 21 common frames omitted
Caused by: org.springframework.beans.factory.BeanCreationException: Error creating bean with name 'messageConverters' defined in class path resource [org/springframework/boot/autoconfigure/http/HttpMessageConvertersAutoConfiguration.class]: Failed to instantiate [org.springframework.boot.autoconfigure.http.HttpMessageConverters]: Factory method 'messageConverters' threw exception with message: Error creating bean with name 'mappingJackson2HttpMessageConverter' defined in class path resource [org/springframework/boot/autoconfigure/http/JacksonHttpMessageConvertersConfiguration$MappingJackson2HttpMessageConverterConfiguration.class]: Unsatisfied dependency expressed through method 'mappingJackson2HttpMessageConverter' parameter 0: Error creating bean with name 'jacksonObjectMapper' defined in class path resource [org/springframework/boot/autoconfigure/jackson/JacksonAutoConfiguration$JacksonObjectMapperConfiguration.class]: Unsatisfied dependency expressed through method 'jacksonObjectMapper' parameter 0: Error creating bean with name 'jacksonObjectMapperBuilder' defined in class path resource [org/springframework/boot/autoconfigure/jackson/JacksonAutoConfiguration$JacksonObjectMapperBuilderConfiguration.class]: Failed to instantiate [org.springframework.http.converter.json.Jackson2ObjectMapperBuilder]: Factory method 'jacksonObjectMapperBuilder' threw exception with message: Illegal pattern character 'b'
	at org.springframework.beans.factory.support.ConstructorResolver.instantiate(ConstructorResolver.java:657) ~[spring-beans-6.2.0.jar:6.2.0]
	at org.springframework.beans.factory.support.ConstructorResolver.instantiateUsingFactoryMethod(ConstructorResolver.java:645) ~[spring-beans-6.2.0.jar:6.2.0]
	at org.springframework.beans.factory.support.AbstractAutowireCapableBeanFactory.instantiateUsingFactoryMethod(AbstractAutowireCapableBeanFactory.java:1351) ~[spring-beans-6.2.0.jar:6.2.0]
	at org.springframework.beans.factory.support.AbstractAutowireCapableBeanFactory.createBeanInstance(AbstractAutowireCapableBeanFactory.java:1181) ~[spring-beans-6.2.0.jar:6.2.0]
	at org.springframework.beans.factory.support.AbstractAutowireCapableBeanFactory.doCreateBean(AbstractAutowireCapableBeanFactory.java:563) ~[spring-beans-6.2.0.jar:6.2.0]
	at org.springframework.beans.factory.support.AbstractAutowireCapableBeanFactory.createBean(AbstractAutowireCapableBeanFactory.java:523) ~[spring-beans-6.2.0.jar:6.2.0]
	at org.springframework.beans.factory.support.AbstractBeanFactory.lambda$doGetBean$0(AbstractBeanFactory.java:336) ~[spring-beans-6.2.0.jar:6.2.0]
	at org.springframework.beans.factory.support.DefaultSingletonBeanRegistry.getSingleton(DefaultSingletonBeanRegistry.java:288) ~[spring-beans-6.2.0.jar:6.2.0]
	at org.springframework.beans.factory.support.AbstractBeanFactory.doGetBean(AbstractBeanFactory.java:334) ~[spring-beans-6.2.0.jar:6.2.0]
	at org.springframework.beans.factory.support.AbstractBeanFactory.getBean(AbstractBeanFactory.java:199) ~[spring-beans-6.2.0.jar:6.2.0]
	at org.springframework.beans.factory.config.DependencyDescriptor.resolveCandidate(DependencyDescriptor.java:254) ~[spring-beans-6.2.0.jar:6.2.0]
	at org.springframework.beans.factory.support.DefaultListableBeanFactory.doResolveDependency(DefaultListableBeanFactory.java:1626) ~[spring-beans-6.2.0.jar:6.2.0]
	at org.springframework.beans.factory.support.DefaultListableBeanFactory$DependencyObjectProvider.getIfAvailable(DefaultListableBeanFactory.java:2384) ~[spring-beans-6.2.0.jar:6.2.0]
	at org.springframework.beans.factory.support.DefaultListableBeanFactory$DependencyObjectProvider.ifAvailable(DefaultListableBeanFactory.java:2395) ~[spring-beans-6.2.0.jar:6.2.0]
	at org.springframework.boot.autoconfigure.web.servlet.WebMvcAutoConfiguration$WebMvcAutoConfigurationAdapter.configureMessageConverters(WebMvcAutoConfiguration.java:226) ~[spring-boot-autoconfigure-3.4.0.jar:3.4.0]
	at org.springframework.web.servlet.config.annotation.WebMvcConfigurerComposite.configureMessageConverters(WebMvcConfigurerComposite.java:138) ~[spring-webmvc-6.2.0.jar:6.2.0]
	at org.springframework.web.servlet.config.annotation.DelegatingWebMvcConfiguration.configureMessageConverters(DelegatingWebMvcConfiguration.java:119) ~[spring-webmvc-6.2.0.jar:6.2.0]
	at org.springframework.web.servlet.config.annotation.WebMvcConfigurationSupport.getMessageConverters(WebMvcConfigurationSupport.java:854) ~[spring-webmvc-6.2.0.jar:6.2.0]
	at org.springframework.web.servlet.config.annotation.WebMvcConfigurationSupport.routerFunctionMapping(WebMvcConfigurationSupport.java:570) ~[spring-webmvc-6.2.0.jar:6.2.0]
	at java.base/jdk.internal.reflect.NativeMethodAccessorImpl.invoke0(Native Method) ~[na:na]
	at java.base/jdk.internal.reflect.NativeMethodAccessorImpl.invoke(NativeMethodAccessorImpl.java:77) ~[na:na]
	at java.base/jdk.internal.reflect.DelegatingMethodAccessorImpl.invoke(DelegatingMethodAccessorImpl.java:43) ~[na:na]
	at java.base/java.lang.reflect.Method.invoke(Method.java:569) ~[na:na]
	at org.springframework.beans.factory.support.SimpleInstantiationStrategy.lambda$instantiate$0(SimpleInstantiationStrategy.java:171) ~[spring-beans-6.2.0.jar:6.2.0]
	... 24 common frames omitted
Caused by: org.springframework.beans.BeanInstantiationException: Failed to instantiate [org.springframework.boot.autoconfigure.http.HttpMessageConverters]: Factory method 'messageConverters' threw exception with message: Error creating bean with name 'mappingJackson2HttpMessageConverter' defined in class path resource [org/springframework/boot/autoconfigure/http/JacksonHttpMessageConvertersConfiguration$MappingJackson2HttpMessageConverterConfiguration.class]: Unsatisfied dependency expressed through method 'mappingJackson2HttpMessageConverter' parameter 0: Error creating bean with name 'jacksonObjectMapper' defined in class path resource [org/springframework/boot/autoconfigure/jackson/JacksonAutoConfiguration$JacksonObjectMapperConfiguration.class]: Unsatisfied dependency expressed through method 'jacksonObjectMapper' parameter 0: Error creating bean with name 'jacksonObjectMapperBuilder' defined in class path resource [org/springframework/boot/autoconfigure/jackson/JacksonAutoConfiguration$JacksonObjectMapperBuilderConfiguration.class]: Failed to instantiate [org.springframework.http.converter.json.Jackson2ObjectMapperBuilder]: Factory method 'jacksonObjectMapperBuilder' threw exception with message: Illegal pattern character 'b'
	at org.springframework.beans.factory.support.SimpleInstantiationStrategy.lambda$instantiate$0(SimpleInstantiationStrategy.java:199) ~[spring-beans-6.2.0.jar:6.2.0]
	at org.springframework.beans.factory.support.SimpleInstantiationStrategy.instantiateWithFactoryMethod(SimpleInstantiationStrategy.java:88) ~[spring-beans-6.2.0.jar:6.2.0]
	at org.springframework.beans.factory.support.SimpleInstantiationStrategy.instantiate(SimpleInstantiationStrategy.java:168) ~[spring-beans-6.2.0.jar:6.2.0]
	at org.springframework.beans.factory.support.ConstructorResolver.instantiate(ConstructorResolver.java:653) ~[spring-beans-6.2.0.jar:6.2.0]
	... 47 common frames omitted
Caused by: org.springframework.beans.factory.UnsatisfiedDependencyException: Error creating bean with name 'mappingJackson2HttpMessageConverter' defined in class path resource [org/springframework/boot/autoconfigure/http/JacksonHttpMessageConvertersConfiguration$MappingJackson2HttpMessageConverterConfiguration.class]: Unsatisfied dependency expressed through method 'mappingJackson2HttpMessageConverter' parameter 0: Error creating bean with name 'jacksonObjectMapper' defined in class path resource [org/springframework/boot/autoconfigure/jackson/JacksonAutoConfiguration$JacksonObjectMapperConfiguration.class]: Unsatisfied dependency expressed through method 'jacksonObjectMapper' parameter 0: Error creating bean with name 'jacksonObjectMapperBuilder' defined in class path resource [org/springframework/boot/autoconfigure/jackson/JacksonAutoConfiguration$JacksonObjectMapperBuilderConfiguration.class]: Failed to instantiate [org.springframework.http.converter.json.Jackson2ObjectMapperBuilder]: Factory method 'jacksonObjectMapperBuilder' threw exception with message: Illegal pattern character 'b'
	at org.springframework.beans.factory.support.ConstructorResolver.createArgumentArray(ConstructorResolver.java:804) ~[spring-beans-6.2.0.jar:6.2.0]
	at org.springframework.beans.factory.support.ConstructorResolver.instantiateUsingFactoryMethod(ConstructorResolver.java:546) ~[spring-beans-6.2.0.jar:6.2.0]
	at org.springframework.beans.factory.support.AbstractAutowireCapableBeanFactory.instantiateUsingFactoryMethod(AbstractAutowireCapableBeanFactory.java:1351) ~[spring-beans-6.2.0.jar:6.2.0]
	at org.springframework.beans.factory.support.AbstractAutowireCapableBeanFactory.createBeanInstance(AbstractAutowireCapableBeanFactory.java:1181) ~[spring-beans-6.2.0.jar:6.2.0]
	at org.springframework.beans.factory.support.AbstractAutowireCapableBeanFactory.doCreateBean(AbstractAutowireCapableBeanFactory.java:563) ~[spring-beans-6.2.0.jar:6.2.0]
	at org.springframework.beans.factory.support.AbstractAutowireCapableBeanFactory.createBean(AbstractAutowireCapableBeanFactory.java:523) ~[spring-beans-6.2.0.jar:6.2.0]
	at org.springframework.beans.factory.support.AbstractBeanFactory.lambda$doGetBean$0(AbstractBeanFactory.java:336) ~[spring-beans-6.2.0.jar:6.2.0]
	at org.springframework.beans.factory.support.DefaultSingletonBeanRegistry.getSingleton(DefaultSingletonBeanRegistry.java:288) ~[spring-beans-6.2.0.jar:6.2.0]
	at org.springframework.beans.factory.support.AbstractBeanFactory.doGetBean(AbstractBeanFactory.java:334) ~[spring-beans-6.2.0.jar:6.2.0]
	at org.springframework.beans.factory.support.AbstractBeanFactory.getBean(AbstractBeanFactory.java:199) ~[spring-beans-6.2.0.jar:6.2.0]
	at org.springframework.beans.factory.config.DependencyDescriptor.resolveCandidate(DependencyDescriptor.java:254) ~[spring-beans-6.2.0.jar:6.2.0]
	at org.springframework.beans.factory.support.DefaultListableBeanFactory.addCandidateEntry(DefaultListableBeanFactory.java:1885) ~[spring-beans-6.2.0.jar:6.2.0]
	at org.springframework.beans.factory.support.DefaultListableBeanFactory.findAutowireCandidates(DefaultListableBeanFactory.java:1842) ~[spring-beans-6.2.0.jar:6.2.0]
	at org.springframework.beans.factory.support.DefaultListableBeanFactory.resolveMultipleBeans(DefaultListableBeanFactory.java:1659) ~[spring-beans-6.2.0.jar:6.2.0]
	at org.springframework.beans.factory.support.DefaultListableBeanFactory.doResolveDependency(DefaultListableBeanFactory.java:1575) ~[spring-beans-6.2.0.jar:6.2.0]
	at org.springframework.beans.factory.support.DefaultListableBeanFactory$DependencyObjectProvider.resolveStream(DefaultListableBeanFactory.java:2474) ~[spring-beans-6.2.0.jar:6.2.0]
	at org.springframework.beans.factory.support.DefaultListableBeanFactory$DependencyObjectProvider.orderedStream(DefaultListableBeanFactory.java:2468) ~[spring-beans-6.2.0.jar:6.2.0]
	at org.springframework.boot.autoconfigure.http.HttpMessageConvertersAutoConfiguration.messageConverters(HttpMessageConvertersAutoConfiguration.java:72) ~[spring-boot-autoconfigure-3.4.0.jar:3.4.0]
	at java.base/jdk.internal.reflect.NativeMethodAccessorImpl.invoke0(Native Method) ~[na:na]
	at java.base/jdk.internal.reflect.NativeMethodAccessorImpl.invoke(NativeMethodAccessorImpl.java:77) ~[na:na]
	at java.base/jdk.internal.reflect.DelegatingMethodAccessorImpl.invoke(DelegatingMethodAccessorImpl.java:43) ~[na:na]
	at java.base/java.lang.reflect.Method.invoke(Method.java:569) ~[na:na]
	at org.springframework.beans.factory.support.SimpleInstantiationStrategy.lambda$instantiate$0(SimpleInstantiationStrategy.java:171) ~[spring-beans-6.2.0.jar:6.2.0]
	... 50 common frames omitted
Caused by: org.springframework.beans.factory.UnsatisfiedDependencyException: Error creating bean with name 'jacksonObjectMapper' defined in class path resource [org/springframework/boot/autoconfigure/jackson/JacksonAutoConfiguration$JacksonObjectMapperConfiguration.class]: Unsatisfied dependency expressed through method 'jacksonObjectMapper' parameter 0: Error creating bean with name 'jacksonObjectMapperBuilder' defined in class path resource [org/springframework/boot/autoconfigure/jackson/JacksonAutoConfiguration$JacksonObjectMapperBuilderConfiguration.class]: Failed to instantiate [org.springframework.http.converter.json.Jackson2ObjectMapperBuilder]: Factory method 'jacksonObjectMapperBuilder' threw exception with message: Illegal pattern character 'b'
	at org.springframework.beans.factory.support.ConstructorResolver.createArgumentArray(ConstructorResolver.java:804) ~[spring-beans-6.2.0.jar:6.2.0]
	at org.springframework.beans.factory.support.ConstructorResolver.instantiateUsingFactoryMethod(ConstructorResolver.java:546) ~[spring-beans-6.2.0.jar:6.2.0]
	at org.springframework.beans.factory.support.AbstractAutowireCapableBeanFactory.instantiateUsingFactoryMethod(AbstractAutowireCapableBeanFactory.java:1351) ~[spring-beans-6.2.0.jar:6.2.0]
	at org.springframework.beans.factory.support.AbstractAutowireCapableBeanFactory.createBeanInstance(AbstractAutowireCapableBeanFactory.java:1181) ~[spring-beans-6.2.0.jar:6.2.0]
	at org.springframework.beans.factory.support.AbstractAutowireCapableBeanFactory.doCreateBean(AbstractAutowireCapableBeanFactory.java:563) ~[spring-beans-6.2.0.jar:6.2.0]
	at org.springframework.beans.factory.support.AbstractAutowireCapableBeanFactory.createBean(AbstractAutowireCapableBeanFactory.java:523) ~[spring-beans-6.2.0.jar:6.2.0]
	at org.springframework.beans.factory.support.AbstractBeanFactory.lambda$doGetBean$0(AbstractBeanFactory.java:336) ~[spring-beans-6.2.0.jar:6.2.0]
	at org.springframework.beans.factory.support.DefaultSingletonBeanRegistry.getSingleton(DefaultSingletonBeanRegistry.java:288) ~[spring-beans-6.2.0.jar:6.2.0]
	at org.springframework.beans.factory.support.AbstractBeanFactory.doGetBean(AbstractBeanFactory.java:334) ~[spring-beans-6.2.0.jar:6.2.0]
	at org.springframework.beans.factory.support.AbstractBeanFactory.getBean(AbstractBeanFactory.java:199) ~[spring-beans-6.2.0.jar:6.2.0]
	at org.springframework.beans.factory.config.DependencyDescriptor.resolveCandidate(DependencyDescriptor.java:254) ~[spring-beans-6.2.0.jar:6.2.0]
	at org.springframework.beans.factory.support.DefaultListableBeanFactory.doResolveDependency(DefaultListableBeanFactory.java:1626) ~[spring-beans-6.2.0.jar:6.2.0]
	at org.springframework.beans.factory.support.DefaultListableBeanFactory.resolveDependency(DefaultListableBeanFactory.java:1514) ~[spring-beans-6.2.0.jar:6.2.0]
	at org.springframework.beans.factory.support.ConstructorResolver.resolveAutowiredArgument(ConstructorResolver.java:913) ~[spring-beans-6.2.0.jar:6.2.0]
	at org.springframework.beans.factory.support.ConstructorResolver.createArgumentArray(ConstructorResolver.java:791) ~[spring-beans-6.2.0.jar:6.2.0]
	... 72 common frames omitted
Caused by: org.springframework.beans.factory.BeanCreationException: Error creating bean with name 'jacksonObjectMapperBuilder' defined in class path resource [org/springframework/boot/autoconfigure/jackson/JacksonAutoConfiguration$JacksonObjectMapperBuilderConfiguration.class]: Failed to instantiate [org.springframework.http.converter.json.Jackson2ObjectMapperBuilder]: Factory method 'jacksonObjectMapperBuilder' threw exception with message: Illegal pattern character 'b'
	at org.springframework.beans.factory.support.ConstructorResolver.instantiate(ConstructorResolver.java:657) ~[spring-beans-6.2.0.jar:6.2.0]
	at org.springframework.beans.factory.support.ConstructorResolver.instantiateUsingFactoryMethod(ConstructorResolver.java:645) ~[spring-beans-6.2.0.jar:6.2.0]
	at org.springframework.beans.factory.support.AbstractAutowireCapableBeanFactory.instantiateUsingFactoryMethod(AbstractAutowireCapableBeanFactory.java:1351) ~[spring-beans-6.2.0.jar:6.2.0]
	at org.springframework.beans.factory.support.AbstractAutowireCapableBeanFactory.createBeanInstance(AbstractAutowireCapableBeanFactory.java:1181) ~[spring-beans-6.2.0.jar:6.2.0]
	at org.springframework.beans.factory.support.AbstractAutowireCapableBeanFactory.doCreateBean(AbstractAutowireCapableBeanFactory.java:563) ~[spring-beans-6.2.0.jar:6.2.0]
	at org.springframework.beans.factory.support.AbstractAutowireCapableBeanFactory.createBean(AbstractAutowireCapableBeanFactory.java:523) ~[spring-beans-6.2.0.jar:6.2.0]
	at org.springframework.beans.factory.support.AbstractBeanFactory.doGetBean(AbstractBeanFactory.java:354) ~[spring-beans-6.2.0.jar:6.2.0]
	at org.springframework.beans.factory.support.AbstractBeanFactory.getBean(AbstractBeanFactory.java:199) ~[spring-beans-6.2.0.jar:6.2.0]
	at org.springframework.beans.factory.config.DependencyDescriptor.resolveCandidate(DependencyDescriptor.java:254) ~[spring-beans-6.2.0.jar:6.2.0]
	at org.springframework.beans.factory.support.DefaultListableBeanFactory.doResolveDependency(DefaultListableBeanFactory.java:1626) ~[spring-beans-6.2.0.jar:6.2.0]
	at org.springframework.beans.factory.support.DefaultListableBeanFactory.resolveDependency(DefaultListableBeanFactory.java:1514) ~[spring-beans-6.2.0.jar:6.2.0]
	at org.springframework.beans.factory.support.ConstructorResolver.resolveAutowiredArgument(ConstructorResolver.java:913) ~[spring-beans-6.2.0.jar:6.2.0]
	at org.springframework.beans.factory.support.ConstructorResolver.createArgumentArray(ConstructorResolver.java:791) ~[spring-beans-6.2.0.jar:6.2.0]
	... 86 common frames omitted
Caused by: org.springframework.beans.BeanInstantiationException: Failed to instantiate [org.springframework.http.converter.json.Jackson2ObjectMapperBuilder]: Factory method 'jacksonObjectMapperBuilder' threw exception with message: Illegal pattern character 'b'
	at org.springframework.beans.factory.support.SimpleInstantiationStrategy.lambda$instantiate$0(SimpleInstantiationStrategy.java:199) ~[spring-beans-6.2.0.jar:6.2.0]
	at org.springframework.beans.factory.support.SimpleInstantiationStrategy.instantiateWithFactoryMethod(SimpleInstantiationStrategy.java:88) ~[spring-beans-6.2.0.jar:6.2.0]
	at org.springframework.beans.factory.support.SimpleInstantiationStrategy.instantiate(SimpleInstantiationStrategy.java:168) ~[spring-beans-6.2.0.jar:6.2.0]
	at org.springframework.beans.factory.support.ConstructorResolver.instantiate(ConstructorResolver.java:653) ~[spring-beans-6.2.0.jar:6.2.0]
	... 98 common frames omitted
Caused by: java.lang.IllegalArgumentException: Illegal pattern character 'b'
	at java.base/java.text.SimpleDateFormat.compile(SimpleDateFormat.java:849) ~[na:na]
	at java.base/java.text.SimpleDateFormat.initialize(SimpleDateFormat.java:657) ~[na:na]
	at java.base/java.text.SimpleDateFormat.<init>(SimpleDateFormat.java:628) ~[na:na]
	at java.base/java.text.SimpleDateFormat.<init>(SimpleDateFormat.java:603) ~[na:na]
	at org.springframework.boot.autoconfigure.jackson.JacksonAutoConfiguration$Jackson2ObjectMapperBuilderCustomizerConfiguration$StandardJackson2ObjectMapperBuilderCustomizer.configureDateFormat(JacksonAutoConfiguration.java:255) ~[spring-boot-autoconfigure-3.4.0.jar:3.4.0]
	at org.springframework.boot.autoconfigure.jackson.JacksonAutoConfiguration$Jackson2ObjectMapperBuilderCustomizerConfiguration$StandardJackson2ObjectMapperBuilderCustomizer.customize(JacksonAutoConfiguration.java:219) ~[spring-boot-autoconfigure-3.4.0.jar:3.4.0]
	at org.springframework.boot.autoconfigure.jackson.JacksonAutoConfiguration$JacksonObjectMapperBuilderConfiguration.customize(JacksonAutoConfiguration.java:167) ~[spring-boot-autoconfigure-3.4.0.jar:3.4.0]
	at org.springframework.boot.autoconfigure.jackson.JacksonAutoConfiguration$JacksonObjectMapperBuilderConfiguration.jacksonObjectMapperBuilder(JacksonAutoConfiguration.java:160) ~[spring-boot-autoconfigure-3.4.0.jar:3.4.0]
	at java.base/jdk.internal.reflect.NativeMethodAccessorImpl.invoke0(Native Method) ~[na:na]
	at java.base/jdk.internal.reflect.NativeMethodAccessorImpl.invoke(NativeMethodAccessorImpl.java:77) ~[na:na]
	at java.base/jdk.internal.reflect.DelegatingMethodAccessorImpl.invoke(DelegatingMethodAccessorImpl.java:43) ~[na:na]
	at java.base/java.lang.reflect.Method.invoke(Method.java:569) ~[na:na]
	at org.springframework.beans.factory.support.SimpleInstantiationStrategy.lambda$instantiate$0(SimpleInstantiationStrategy.java:171) ~[spring-beans-6.2.0.jar:6.2.0]
	... 101 common frames omitted

2024-12-10T00:35:44.929-03:00  INFO [ordermanager,,,] [no_tenant] 12059 --- [ordermanager] [main] b.c.v.o.OrderManagerApplication          : Starting OrderManagerApplication using Java 17.0.13 with PID 12059 (/home/vilatoro/Projetos/personal/ordermanager/build/classes/java/main started by vilatoro in /home/vilatoro/Projetos/personal/ordermanager)
2024-12-10T00:35:44.931-03:00  INFO [ordermanager,,,] [no_tenant] 12059 --- [ordermanager] [main] b.c.v.o.OrderManagerApplication          : No active profile set, falling back to 1 default profile: "default"
2024-12-10T00:35:45.631-03:00  INFO [ordermanager,,,] [no_tenant] 12059 --- [ordermanager] [main] .s.d.r.c.RepositoryConfigurationDelegate : Bootstrapping Spring Data JPA repositories in DEFAULT mode.
2024-12-10T00:35:45.647-03:00  INFO [ordermanager,,,] [no_tenant] 12059 --- [ordermanager] [main] .s.d.r.c.RepositoryConfigurationDelegate : Finished Spring Data repository scanning in 9 ms. Found 0 JPA repository interfaces.
2024-12-10T00:35:46.170-03:00  INFO [ordermanager,,,] [no_tenant] 12059 --- [ordermanager] [main] o.s.b.w.embedded.tomcat.TomcatWebServer  : Tomcat initialized with port 8082 (http)
2024-12-10T00:35:46.178-03:00  INFO [ordermanager,,,] [no_tenant] 12059 --- [ordermanager] [main] o.apache.catalina.core.StandardService   : Starting service [Tomcat]
2024-12-10T00:35:46.179-03:00  INFO [ordermanager,,,] [no_tenant] 12059 --- [ordermanager] [main] o.apache.catalina.core.StandardEngine    : Starting Servlet engine: [Apache Tomcat/10.1.33]
2024-12-10T00:35:46.210-03:00  INFO [ordermanager,,,] [no_tenant] 12059 --- [ordermanager] [main] o.a.c.c.C.[Tomcat].[localhost].[/]       : Initializing Spring embedded WebApplicationContext
2024-12-10T00:35:46.211-03:00  INFO [ordermanager,,,] [no_tenant] 12059 --- [ordermanager] [main] w.s.c.ServletWebServerApplicationContext : Root WebApplicationContext: initialization completed in 1239 ms
2024-12-10T00:35:46.415-03:00  INFO [ordermanager,,,] [no_tenant] 12059 --- [ordermanager] [main] com.zaxxer.hikari.HikariDataSource       : HikariPool-1 - Starting...
2024-12-10T00:35:46.525-03:00  INFO [ordermanager,,,] [no_tenant] 12059 --- [ordermanager] [main] com.zaxxer.hikari.pool.HikariPool        : HikariPool-1 - Added connection conn0: url=jdbc:h2:mem:124dd9d8-41c4-4c00-b0ba-8c8f8a6c2dd5 user=SA
2024-12-10T00:35:46.526-03:00  INFO [ordermanager,,,] [no_tenant] 12059 --- [ordermanager] [main] com.zaxxer.hikari.HikariDataSource       : HikariPool-1 - Start completed.
2024-12-10T00:35:46.567-03:00  INFO [ordermanager,,,] [no_tenant] 12059 --- [ordermanager] [main] liquibase.database                       : Set default schema name to PUBLIC
2024-12-10T00:35:46.854-03:00  INFO [ordermanager,,,] [no_tenant] 12059 --- [ordermanager] [main] liquibase.changelog                      : Creating database history table with name: PUBLIC.DATABASECHANGELOG
2024-12-10T00:35:46.952-03:00  INFO [ordermanager,,,] [no_tenant] 12059 --- [ordermanager] [main] liquibase.changelog                      : Reading from PUBLIC.DATABASECHANGELOG
2024-12-10T00:35:46.978-03:00  INFO [ordermanager,,,] [no_tenant] 12059 --- [ordermanager] [main] liquibase.ui                             : Database is up to date, no changesets to execute
2024-12-10T00:35:46.980-03:00  INFO [ordermanager,,,] [no_tenant] 12059 --- [ordermanager] [main] liquibase.changelog                      : Reading from PUBLIC.DATABASECHANGELOG
2024-12-10T00:35:46.985-03:00  INFO [ordermanager,,,] [no_tenant] 12059 --- [ordermanager] [main] liquibase.util                           : UPDATE SUMMARY
2024-12-10T00:35:46.985-03:00  INFO [ordermanager,,,] [no_tenant] 12059 --- [ordermanager] [main] liquibase.util                           : Run:                          0
2024-12-10T00:35:46.985-03:00  INFO [ordermanager,,,] [no_tenant] 12059 --- [ordermanager] [main] liquibase.util                           : Previously run:               0
2024-12-10T00:35:46.985-03:00  INFO [ordermanager,,,] [no_tenant] 12059 --- [ordermanager] [main] liquibase.util                           : Filtered out:                 0
2024-12-10T00:35:46.985-03:00  INFO [ordermanager,,,] [no_tenant] 12059 --- [ordermanager] [main] liquibase.util                           : -------------------------------
2024-12-10T00:35:46.985-03:00  INFO [ordermanager,,,] [no_tenant] 12059 --- [ordermanager] [main] liquibase.util                           : Total change sets:            0
2024-12-10T00:35:46.986-03:00  INFO [ordermanager,,,] [no_tenant] 12059 --- [ordermanager] [main] liquibase.util                           : Update summary generated
2024-12-10T00:35:46.987-03:00  INFO [ordermanager,,,] [no_tenant] 12059 --- [ordermanager] [main] liquibase.command                        : Command execution complete
2024-12-10T00:35:47.051-03:00  INFO [ordermanager,,,] [no_tenant] 12059 --- [ordermanager] [main] o.hibernate.jpa.internal.util.LogHelper  : HHH000204: Processing PersistenceUnitInfo [name: default]
2024-12-10T00:35:47.094-03:00  INFO [ordermanager,,,] [no_tenant] 12059 --- [ordermanager] [main] org.hibernate.Version                    : HHH000412: Hibernate ORM core version 6.6.2.Final
2024-12-10T00:35:47.117-03:00  INFO [ordermanager,,,] [no_tenant] 12059 --- [ordermanager] [main] o.h.c.internal.RegionFactoryInitiator    : HHH000026: Second-level cache disabled
2024-12-10T00:35:47.273-03:00  INFO [ordermanager,,,] [no_tenant] 12059 --- [ordermanager] [main] o.s.o.j.p.SpringPersistenceUnitInfo      : No LoadTimeWeaver setup: ignoring JPA class transformer
2024-12-10T00:35:47.281-03:00  WARN [ordermanager,,,] [no_tenant] 12059 --- [ordermanager] [main] org.hibernate.orm.deprecation            : HHH90000021: Encountered deprecated setting [hibernate.temp.use_jdbc_metadata_defaults], use [hibernate.boot.allow_jdbc_metadata_access] instead
2024-12-10T00:35:47.290-03:00  WARN [ordermanager,,,] [no_tenant] 12059 --- [ordermanager] [main] org.hibernate.orm.deprecation            : HHH90000025: H2Dialect does not need to be specified explicitly using 'hibernate.dialect' (remove the property setting and it will be selected by default)
2024-12-10T00:35:47.299-03:00  INFO [ordermanager,,,] [no_tenant] 12059 --- [ordermanager] [main] org.hibernate.orm.connections.pooling    : HHH10001005: Database info:
	Database JDBC URL [undefined/unknown]
	Database driver: undefined/unknown
	Database version: 2.1.214
	Autocommit mode: undefined/unknown
	Isolation level: <unknown>
	Minimum pool size: undefined/unknown
	Maximum pool size: undefined/unknown
2024-12-10T00:35:47.505-03:00  INFO [ordermanager,,,] [no_tenant] 12059 --- [ordermanager] [main] o.h.e.t.j.p.i.JtaPlatformInitiator       : HHH000489: No JTA platform available (set 'hibernate.transaction.jta.platform' to enable JTA platform integration)
2024-12-10T00:35:47.508-03:00  INFO [ordermanager,,,] [no_tenant] 12059 --- [ordermanager] [main] j.LocalContainerEntityManagerFactoryBean : Initialized JPA EntityManagerFactory for persistence unit 'default'
2024-12-10T00:35:47.551-03:00  WARN [ordermanager,,,] [no_tenant] 12059 --- [ordermanager] [main] JpaBaseConfiguration$JpaWebConfiguration : spring.jpa.open-in-view is enabled by default. Therefore, database queries may be performed during view rendering. Explicitly configure spring.jpa.open-in-view to disable this warning
2024-12-10T00:35:48.157-03:00  INFO [ordermanager,,,] [no_tenant] 12059 --- [ordermanager] [main] o.s.b.a.e.web.EndpointLinksResolver      : Exposing 16 endpoints beneath base path '/actuator'
2024-12-10T00:35:48.243-03:00  INFO [ordermanager,,,] [no_tenant] 12059 --- [ordermanager] [main] o.s.b.w.embedded.tomcat.TomcatWebServer  : Tomcat started on port 8082 (http) with context path '/'
2024-12-10T00:35:48.256-03:00  INFO [ordermanager,,,] [no_tenant] 12059 --- [ordermanager] [main] b.c.v.o.OrderManagerApplication          : Started OrderManagerApplication in 3.684 seconds (process running for 3.899)
2024-12-10T00:35:58.268-03:00  INFO [ordermanager,,,] [no_tenant] 12059 --- [ordermanager] [SpringApplicationShutdownHook] o.s.b.w.e.tomcat.GracefulShutdown        : Commencing graceful shutdown. Waiting for active requests to complete
2024-12-10T00:35:58.272-03:00  INFO [ordermanager,,,] [no_tenant] 12059 --- [ordermanager] [tomcat-shutdown] o.s.b.w.e.tomcat.GracefulShutdown        : Graceful shutdown complete
2024-12-10T00:35:58.277-03:00  INFO [ordermanager,,,] [no_tenant] 12059 --- [ordermanager] [SpringApplicationShutdownHook] j.LocalContainerEntityManagerFactoryBean : Closing JPA EntityManagerFactory for persistence unit 'default'
2024-12-10T00:35:58.278-03:00  INFO [ordermanager,,,] [no_tenant] 12059 --- [ordermanager] [SpringApplicationShutdownHook] com.zaxxer.hikari.HikariDataSource       : HikariPool-1 - Shutdown initiated...
2024-12-10T00:35:58.281-03:00  INFO [ordermanager,,,] [no_tenant] 12059 --- [ordermanager] [SpringApplicationShutdownHook] com.zaxxer.hikari.HikariDataSource       : HikariPool-1 - Shutdown completed.
2024-12-10T23:06:29.172-03:00  INFO [ordermanager,,,] [no_tenant] 60096 --- [ordermanager] [main] b.c.v.o.OrderManagerApplication          : Starting OrderManagerApplication using Java 17.0.13 with PID 60096 (/home/vilatoro/Projetos/personal/ordermanager/build/classes/java/main started by vilatoro in /home/vilatoro/Projetos/personal/ordermanager)
2024-12-10T23:06:29.177-03:00  INFO [ordermanager,,,] [no_tenant] 60096 --- [ordermanager] [main] b.c.v.o.OrderManagerApplication          : No active profile set, falling back to 1 default profile: "default"
2024-12-10T23:06:30.385-03:00  INFO [ordermanager,,,] [no_tenant] 60096 --- [ordermanager] [main] .s.d.r.c.RepositoryConfigurationDelegate : Bootstrapping Spring Data JPA repositories in DEFAULT mode.
2024-12-10T23:06:30.448-03:00  INFO [ordermanager,,,] [no_tenant] 60096 --- [ordermanager] [main] .s.d.r.c.RepositoryConfigurationDelegate : Finished Spring Data repository scanning in 52 ms. Found 2 JPA repository interfaces.
2024-12-10T23:06:31.274-03:00  INFO [ordermanager,,,] [no_tenant] 60096 --- [ordermanager] [main] o.s.b.w.embedded.tomcat.TomcatWebServer  : Tomcat initialized with port 8082 (http)
2024-12-10T23:06:31.288-03:00  INFO [ordermanager,,,] [no_tenant] 60096 --- [ordermanager] [main] o.apache.catalina.core.StandardService   : Starting service [Tomcat]
2024-12-10T23:06:31.289-03:00  INFO [ordermanager,,,] [no_tenant] 60096 --- [ordermanager] [main] o.apache.catalina.core.StandardEngine    : Starting Servlet engine: [Apache Tomcat/10.1.33]
2024-12-10T23:06:31.348-03:00  INFO [ordermanager,,,] [no_tenant] 60096 --- [ordermanager] [main] o.a.c.c.C.[Tomcat].[localhost].[/]       : Initializing Spring embedded WebApplicationContext
2024-12-10T23:06:31.349-03:00  INFO [ordermanager,,,] [no_tenant] 60096 --- [ordermanager] [main] w.s.c.ServletWebServerApplicationContext : Root WebApplicationContext: initialization completed in 2103 ms
2024-12-10T23:06:31.739-03:00  INFO [ordermanager,,,] [no_tenant] 60096 --- [ordermanager] [main] com.zaxxer.hikari.HikariDataSource       : HikariPool-1 - Starting...
2024-12-10T23:06:31.961-03:00  INFO [ordermanager,,,] [no_tenant] 60096 --- [ordermanager] [main] com.zaxxer.hikari.pool.HikariPool        : HikariPool-1 - Added connection conn0: url=jdbc:h2:mem:af180e3f-9554-460d-aa1c-a5e89ed765d3 user=SA
2024-12-10T23:06:31.964-03:00  INFO [ordermanager,,,] [no_tenant] 60096 --- [ordermanager] [main] com.zaxxer.hikari.HikariDataSource       : HikariPool-1 - Start completed.
2024-12-10T23:06:32.044-03:00  INFO [ordermanager,,,] [no_tenant] 60096 --- [ordermanager] [main] liquibase.database                       : Set default schema name to PUBLIC
2024-12-10T23:06:32.590-03:00  INFO [ordermanager,,,] [no_tenant] 60096 --- [ordermanager] [main] liquibase.changelog                      : Creating database history table with name: PUBLIC.DATABASECHANGELOG
2024-12-10T23:06:32.733-03:00  INFO [ordermanager,,,] [no_tenant] 60096 --- [ordermanager] [main] liquibase.changelog                      : Reading from PUBLIC.DATABASECHANGELOG
2024-12-10T23:06:32.780-03:00  INFO [ordermanager,,,] [no_tenant] 60096 --- [ordermanager] [main] liquibase.ui                             : Database is up to date, no changesets to execute
2024-12-10T23:06:32.783-03:00  INFO [ordermanager,,,] [no_tenant] 60096 --- [ordermanager] [main] liquibase.changelog                      : Reading from PUBLIC.DATABASECHANGELOG
2024-12-10T23:06:32.792-03:00  INFO [ordermanager,,,] [no_tenant] 60096 --- [ordermanager] [main] liquibase.util                           : UPDATE SUMMARY
2024-12-10T23:06:32.793-03:00  INFO [ordermanager,,,] [no_tenant] 60096 --- [ordermanager] [main] liquibase.util                           : Run:                          0
2024-12-10T23:06:32.793-03:00  INFO [ordermanager,,,] [no_tenant] 60096 --- [ordermanager] [main] liquibase.util                           : Previously run:               0
2024-12-10T23:06:32.793-03:00  INFO [ordermanager,,,] [no_tenant] 60096 --- [ordermanager] [main] liquibase.util                           : Filtered out:                 0
2024-12-10T23:06:32.793-03:00  INFO [ordermanager,,,] [no_tenant] 60096 --- [ordermanager] [main] liquibase.util                           : -------------------------------
2024-12-10T23:06:32.793-03:00  INFO [ordermanager,,,] [no_tenant] 60096 --- [ordermanager] [main] liquibase.util                           : Total change sets:            0
2024-12-10T23:06:32.794-03:00  INFO [ordermanager,,,] [no_tenant] 60096 --- [ordermanager] [main] liquibase.util                           : Update summary generated
2024-12-10T23:06:32.796-03:00  INFO [ordermanager,,,] [no_tenant] 60096 --- [ordermanager] [main] liquibase.command                        : Command execution complete
2024-12-10T23:06:32.917-03:00  INFO [ordermanager,,,] [no_tenant] 60096 --- [ordermanager] [main] o.hibernate.jpa.internal.util.LogHelper  : HHH000204: Processing PersistenceUnitInfo [name: default]
2024-12-10T23:06:32.977-03:00  INFO [ordermanager,,,] [no_tenant] 60096 --- [ordermanager] [main] org.hibernate.Version                    : HHH000412: Hibernate ORM core version 6.6.2.Final
2024-12-10T23:06:33.034-03:00  INFO [ordermanager,,,] [no_tenant] 60096 --- [ordermanager] [main] o.h.c.internal.RegionFactoryInitiator    : HHH000026: Second-level cache disabled
2024-12-10T23:06:33.364-03:00  INFO [ordermanager,,,] [no_tenant] 60096 --- [ordermanager] [main] o.s.o.j.p.SpringPersistenceUnitInfo      : No LoadTimeWeaver setup: ignoring JPA class transformer
2024-12-10T23:06:33.379-03:00  WARN [ordermanager,,,] [no_tenant] 60096 --- [ordermanager] [main] org.hibernate.orm.deprecation            : HHH90000021: Encountered deprecated setting [hibernate.temp.use_jdbc_metadata_defaults], use [hibernate.boot.allow_jdbc_metadata_access] instead
2024-12-10T23:06:33.394-03:00  WARN [ordermanager,,,] [no_tenant] 60096 --- [ordermanager] [main] org.hibernate.orm.deprecation            : HHH90000025: H2Dialect does not need to be specified explicitly using 'hibernate.dialect' (remove the property setting and it will be selected by default)
2024-12-10T23:06:33.412-03:00  INFO [ordermanager,,,] [no_tenant] 60096 --- [ordermanager] [main] org.hibernate.orm.connections.pooling    : HHH10001005: Database info:
	Database JDBC URL [undefined/unknown]
	Database driver: undefined/unknown
	Database version: 2.1.214
	Autocommit mode: undefined/unknown
	Isolation level: <unknown>
	Minimum pool size: undefined/unknown
	Maximum pool size: undefined/unknown
2024-12-10T23:06:34.456-03:00  INFO [ordermanager,,,] [no_tenant] 60096 --- [ordermanager] [main] o.h.e.t.j.p.i.JtaPlatformInitiator       : HHH000489: No JTA platform available (set 'hibernate.transaction.jta.platform' to enable JTA platform integration)
2024-12-10T23:06:34.460-03:00  INFO [ordermanager,,,] [no_tenant] 60096 --- [ordermanager] [main] j.LocalContainerEntityManagerFactoryBean : Initialized JPA EntityManagerFactory for persistence unit 'default'
2024-12-10T23:06:34.929-03:00  WARN [ordermanager,,,] [no_tenant] 60096 --- [ordermanager] [main] JpaBaseConfiguration$JpaWebConfiguration : spring.jpa.open-in-view is enabled by default. Therefore, database queries may be performed during view rendering. Explicitly configure spring.jpa.open-in-view to disable this warning
2024-12-10T23:06:35.833-03:00  INFO [ordermanager,,,] [no_tenant] 60096 --- [ordermanager] [main] o.s.b.a.e.web.EndpointLinksResolver      : Exposing 16 endpoints beneath base path '/actuator'
2024-12-10T23:06:35.946-03:00  INFO [ordermanager,,,] [no_tenant] 60096 --- [ordermanager] [main] o.s.b.w.embedded.tomcat.TomcatWebServer  : Tomcat started on port 8082 (http) with context path '/'
2024-12-10T23:06:35.972-03:00  INFO [ordermanager,,,] [no_tenant] 60096 --- [ordermanager] [main] b.c.v.o.OrderManagerApplication          : Started OrderManagerApplication in 7.49 seconds (process running for 7.956)
2024-12-10T23:11:07.190-03:00  INFO [ordermanager,,,] [no_tenant] 60096 --- [ordermanager] [http-nio-8082-exec-1] o.a.c.c.C.[Tomcat].[localhost].[/]       : Initializing Spring DispatcherServlet 'dispatcherServlet'
2024-12-10T23:11:07.191-03:00  INFO [ordermanager,,,] [no_tenant] 60096 --- [ordermanager] [http-nio-8082-exec-1] o.s.web.servlet.DispatcherServlet        : Initializing Servlet 'dispatcherServlet'
2024-12-10T23:11:07.193-03:00  INFO [ordermanager,,,] [no_tenant] 60096 --- [ordermanager] [http-nio-8082-exec-1] o.s.web.servlet.DispatcherServlet        : Completed initialization in 2 ms
2024-12-10T23:11:19.996-03:00  WARN [ordermanager,,,] [no_tenant] 60096 --- [ordermanager] [http-nio-8082-exec-1] o.h.engine.jdbc.spi.SqlExceptionHelper   : SQL Error: 42102, SQLState: 42S02
2024-12-10T23:11:19.996-03:00 ERROR [ordermanager,,,] [no_tenant] 60096 --- [ordermanager] [http-nio-8082-exec-1] o.h.engine.jdbc.spi.SqlExceptionHelper   : Table "ORDER_ENTITY" not found; SQL statement:
select oe1_0.id,oe1_0.status,oe1_0.total from order_entity oe1_0 [42102-232]
2024-12-10T23:11:57.161-03:00  WARN [ordermanager,,,] [no_tenant] 60096 --- [ordermanager] [HikariPool-1 housekeeper] com.zaxxer.hikari.pool.HikariPool        : HikariPool-1 - Thread starvation or clock leap detected (housekeeper delta=55s94ms570s867ns).
2024-12-10T23:11:57.165-03:00  WARN [ordermanager,,,] [no_tenant] 60096 --- [ordermanager] [http-nio-8082-exec-1] o.h.engine.jdbc.spi.SqlExceptionHelper   : SQL Error: 42102, SQLState: 42S02
2024-12-10T23:11:57.165-03:00 ERROR [ordermanager,,,] [no_tenant] 60096 --- [ordermanager] [http-nio-8082-exec-1] o.h.engine.jdbc.spi.SqlExceptionHelper   : Table "ORDER_ENTITY" not found; SQL statement:
select oe1_0.id,oe1_0.status,oe1_0.total from order_entity oe1_0 [42102-232]
2024-12-10T23:11:57.173-03:00 ERROR [ordermanager,,,] [no_tenant] 60096 --- [ordermanager] [http-nio-8082-exec-1] o.a.c.c.C.[.[.[/].[dispatcherServlet]    : Servlet.service() for servlet [dispatcherServlet] in context with path [] threw exception [Request processing failed: org.springframework.dao.InvalidDataAccessResourceUsageException: could not prepare statement [Table "ORDER_ENTITY" not found; SQL statement:
select oe1_0.id,oe1_0.status,oe1_0.total from order_entity oe1_0 [42102-232]] [select oe1_0.id,oe1_0.status,oe1_0.total from order_entity oe1_0]; SQL [select oe1_0.id,oe1_0.status,oe1_0.total from order_entity oe1_0]] with root cause

org.h2.jdbc.JdbcSQLSyntaxErrorException: Table "ORDER_ENTITY" not found; SQL statement:
select oe1_0.id,oe1_0.status,oe1_0.total from order_entity oe1_0 [42102-232]
	at org.h2.message.DbException.getJdbcSQLException(DbException.java:514) ~[h2-2.3.232.jar:2.3.232]
	at org.h2.message.DbException.getJdbcSQLException(DbException.java:489) ~[h2-2.3.232.jar:2.3.232]
	at org.h2.message.DbException.get(DbException.java:223) ~[h2-2.3.232.jar:2.3.232]
	at org.h2.message.DbException.get(DbException.java:199) ~[h2-2.3.232.jar:2.3.232]
	at org.h2.command.Parser.getTableOrViewNotFoundDbException(Parser.java:7945) ~[h2-2.3.232.jar:2.3.232]
	at org.h2.command.Parser.getTableOrViewNotFoundDbException(Parser.java:7916) ~[h2-2.3.232.jar:2.3.232]
	at org.h2.command.Parser.readTableOrView(Parser.java:7895) ~[h2-2.3.232.jar:2.3.232]
	at org.h2.command.Parser.readTablePrimary(Parser.java:1769) ~[h2-2.3.232.jar:2.3.232]
	at org.h2.command.Parser.readTableReference(Parser.java:2249) ~[h2-2.3.232.jar:2.3.232]
	at org.h2.command.Parser.parseSelectFromPart(Parser.java:2702) ~[h2-2.3.232.jar:2.3.232]
	at org.h2.command.Parser.parseSelect(Parser.java:2810) ~[h2-2.3.232.jar:2.3.232]
	at org.h2.command.Parser.parseQueryPrimary(Parser.java:2692) ~[h2-2.3.232.jar:2.3.232]
	at org.h2.command.Parser.parseQueryTerm(Parser.java:2547) ~[h2-2.3.232.jar:2.3.232]
	at org.h2.command.Parser.parseQueryExpressionBody(Parser.java:2526) ~[h2-2.3.232.jar:2.3.232]
	at org.h2.command.Parser.parseQueryExpressionBodyAndEndOfQuery(Parser.java:2519) ~[h2-2.3.232.jar:2.3.232]
	at org.h2.command.Parser.parseQueryExpression(Parser.java:2512) ~[h2-2.3.232.jar:2.3.232]
	at org.h2.command.Parser.parseQuery(Parser.java:2479) ~[h2-2.3.232.jar:2.3.232]
	at org.h2.command.Parser.parsePrepared(Parser.java:610) ~[h2-2.3.232.jar:2.3.232]
	at org.h2.command.Parser.parse(Parser.java:581) ~[h2-2.3.232.jar:2.3.232]
	at org.h2.command.Parser.parse(Parser.java:556) ~[h2-2.3.232.jar:2.3.232]
	at org.h2.command.Parser.prepareCommand(Parser.java:484) ~[h2-2.3.232.jar:2.3.232]
	at org.h2.engine.SessionLocal.prepareLocal(SessionLocal.java:645) ~[h2-2.3.232.jar:2.3.232]
	at org.h2.engine.SessionLocal.prepareCommand(SessionLocal.java:561) ~[h2-2.3.232.jar:2.3.232]
	at org.h2.jdbc.JdbcConnection.prepareCommand(JdbcConnection.java:1164) ~[h2-2.3.232.jar:2.3.232]
	at org.h2.jdbc.JdbcPreparedStatement.<init>(JdbcPreparedStatement.java:93) ~[h2-2.3.232.jar:2.3.232]
	at org.h2.jdbc.JdbcConnection.prepareStatement(JdbcConnection.java:687) ~[h2-2.3.232.jar:2.3.232]
	at com.zaxxer.hikari.pool.ProxyConnection.prepareStatement(ProxyConnection.java:342) ~[HikariCP-5.1.0.jar:na]
	at com.zaxxer.hikari.pool.HikariProxyConnection.prepareStatement(HikariProxyConnection.java) ~[HikariCP-5.1.0.jar:na]
	at org.hibernate.engine.jdbc.internal.StatementPreparerImpl$4.doPrepare(StatementPreparerImpl.java:151) ~[hibernate-core-6.6.2.Final.jar:6.6.2.Final]
	at org.hibernate.engine.jdbc.internal.StatementPreparerImpl$StatementPreparationTemplate.prepareStatement(StatementPreparerImpl.java:180) ~[hibernate-core-6.6.2.Final.jar:6.6.2.Final]
	at org.hibernate.engine.jdbc.internal.StatementPreparerImpl.prepareQueryStatement(StatementPreparerImpl.java:153) ~[hibernate-core-6.6.2.Final.jar:6.6.2.Final]
	at org.hibernate.sql.exec.internal.StandardStatementCreator.createStatement(StandardStatementCreator.java:49) ~[hibernate-core-6.6.2.Final.jar:6.6.2.Final]
	at org.hibernate.sql.results.jdbc.internal.DeferredResultSetAccess.executeQuery(DeferredResultSetAccess.java:235) ~[hibernate-core-6.6.2.Final.jar:6.6.2.Final]
	at org.hibernate.sql.results.jdbc.internal.DeferredResultSetAccess.getResultSet(DeferredResultSetAccess.java:171) ~[hibernate-core-6.6.2.Final.jar:6.6.2.Final]
	at org.hibernate.sql.results.jdbc.internal.JdbcValuesResultSetImpl.<init>(JdbcValuesResultSetImpl.java:74) ~[hibernate-core-6.6.2.Final.jar:6.6.2.Final]
	at org.hibernate.sql.exec.internal.JdbcSelectExecutorStandardImpl.resolveJdbcValuesSource(JdbcSelectExecutorStandardImpl.java:355) ~[hibernate-core-6.6.2.Final.jar:6.6.2.Final]
	at org.hibernate.sql.exec.internal.JdbcSelectExecutorStandardImpl.doExecuteQuery(JdbcSelectExecutorStandardImpl.java:137) ~[hibernate-core-6.6.2.Final.jar:6.6.2.Final]
	at org.hibernate.sql.exec.internal.JdbcSelectExecutorStandardImpl.executeQuery(JdbcSelectExecutorStandardImpl.java:102) ~[hibernate-core-6.6.2.Final.jar:6.6.2.Final]
	at org.hibernate.sql.exec.spi.JdbcSelectExecutor.executeQuery(JdbcSelectExecutor.java:91) ~[hibernate-core-6.6.2.Final.jar:6.6.2.Final]
	at org.hibernate.sql.exec.spi.JdbcSelectExecutor.list(JdbcSelectExecutor.java:165) ~[hibernate-core-6.6.2.Final.jar:6.6.2.Final]
	at org.hibernate.query.sqm.internal.ConcreteSqmSelectQueryPlan.lambda$new$1(ConcreteSqmSelectQueryPlan.java:152) ~[hibernate-core-6.6.2.Final.jar:6.6.2.Final]
	at org.hibernate.query.sqm.internal.ConcreteSqmSelectQueryPlan.withCacheableSqmInterpretation(ConcreteSqmSelectQueryPlan.java:442) ~[hibernate-core-6.6.2.Final.jar:6.6.2.Final]
	at org.hibernate.query.sqm.internal.ConcreteSqmSelectQueryPlan.performList(ConcreteSqmSelectQueryPlan.java:362) ~[hibernate-core-6.6.2.Final.jar:6.6.2.Final]
	at org.hibernate.query.sqm.internal.QuerySqmImpl.doList(QuerySqmImpl.java:380) ~[hibernate-core-6.6.2.Final.jar:6.6.2.Final]
	at org.hibernate.query.spi.AbstractSelectionQuery.list(AbstractSelectionQuery.java:143) ~[hibernate-core-6.6.2.Final.jar:6.6.2.Final]
	at org.hibernate.query.Query.getResultList(Query.java:120) ~[hibernate-core-6.6.2.Final.jar:6.6.2.Final]
	at org.springframework.data.jpa.repository.support.SimpleJpaRepository.findAll(SimpleJpaRepository.java:389) ~[spring-data-jpa-3.4.0.jar:3.4.0]
	at java.base/jdk.internal.reflect.NativeMethodAccessorImpl.invoke0(Native Method) ~[na:na]
	at java.base/jdk.internal.reflect.NativeMethodAccessorImpl.invoke(NativeMethodAccessorImpl.java:77) ~[na:na]
	at java.base/jdk.internal.reflect.DelegatingMethodAccessorImpl.invoke(DelegatingMethodAccessorImpl.java:43) ~[na:na]
	at java.base/java.lang.reflect.Method.invoke(Method.java:569) ~[na:na]
	at org.springframework.aop.support.AopUtils.invokeJoinpointUsingReflection(AopUtils.java:359) ~[spring-aop-6.2.0.jar:6.2.0]
	at org.springframework.data.repository.core.support.RepositoryMethodInvoker$RepositoryFragmentMethodInvoker.lambda$new$0(RepositoryMethodInvoker.java:277) ~[spring-data-commons-3.4.0.jar:3.4.0]
	at org.springframework.data.repository.core.support.RepositoryMethodInvoker.doInvoke(RepositoryMethodInvoker.java:170) ~[spring-data-commons-3.4.0.jar:3.4.0]
	at org.springframework.data.repository.core.support.RepositoryMethodInvoker.invoke(RepositoryMethodInvoker.java:158) ~[spring-data-commons-3.4.0.jar:3.4.0]
	at org.springframework.data.repository.core.support.RepositoryComposition$RepositoryFragments.invoke(RepositoryComposition.java:515) ~[spring-data-commons-3.4.0.jar:3.4.0]
	at org.springframework.data.repository.core.support.RepositoryComposition.invoke(RepositoryComposition.java:284) ~[spring-data-commons-3.4.0.jar:3.4.0]
	at org.springframework.data.repository.core.support.RepositoryFactorySupport$ImplementationMethodExecutionInterceptor.invoke(RepositoryFactorySupport.java:752) ~[spring-data-commons-3.4.0.jar:3.4.0]
	at org.springframework.aop.framework.ReflectiveMethodInvocation.proceed(ReflectiveMethodInvocation.java:184) ~[spring-aop-6.2.0.jar:6.2.0]
	at org.springframework.data.repository.core.support.QueryExecutorMethodInterceptor.doInvoke(QueryExecutorMethodInterceptor.java:174) ~[spring-data-commons-3.4.0.jar:3.4.0]
	at org.springframework.data.repository.core.support.QueryExecutorMethodInterceptor.invoke(QueryExecutorMethodInterceptor.java:149) ~[spring-data-commons-3.4.0.jar:3.4.0]
	at org.springframework.aop.framework.ReflectiveMethodInvocation.proceed(ReflectiveMethodInvocation.java:184) ~[spring-aop-6.2.0.jar:6.2.0]
	at org.springframework.data.projection.DefaultMethodInvokingMethodInterceptor.invoke(DefaultMethodInvokingMethodInterceptor.java:69) ~[spring-data-commons-3.4.0.jar:3.4.0]
	at org.springframework.aop.framework.ReflectiveMethodInvocation.proceed(ReflectiveMethodInvocation.java:184) ~[spring-aop-6.2.0.jar:6.2.0]
	at org.springframework.transaction.interceptor.TransactionAspectSupport.invokeWithinTransaction(TransactionAspectSupport.java:380) ~[spring-tx-6.2.0.jar:6.2.0]
	at org.springframework.transaction.interceptor.TransactionInterceptor.invoke(TransactionInterceptor.java:119) ~[spring-tx-6.2.0.jar:6.2.0]
	at org.springframework.aop.framework.ReflectiveMethodInvocation.proceed(ReflectiveMethodInvocation.java:184) ~[spring-aop-6.2.0.jar:6.2.0]
	at org.springframework.dao.support.PersistenceExceptionTranslationInterceptor.invoke(PersistenceExceptionTranslationInterceptor.java:138) ~[spring-tx-6.2.0.jar:6.2.0]
	at org.springframework.aop.framework.ReflectiveMethodInvocation.proceed(ReflectiveMethodInvocation.java:184) ~[spring-aop-6.2.0.jar:6.2.0]
	at org.springframework.data.jpa.repository.support.CrudMethodMetadataPostProcessor$CrudMethodMetadataPopulatingMethodInterceptor.invoke(CrudMethodMetadataPostProcessor.java:165) ~[spring-data-jpa-3.4.0.jar:3.4.0]
	at org.springframework.aop.framework.ReflectiveMethodInvocation.proceed(ReflectiveMethodInvocation.java:184) ~[spring-aop-6.2.0.jar:6.2.0]
	at org.springframework.aop.framework.JdkDynamicAopProxy.invoke(JdkDynamicAopProxy.java:223) ~[spring-aop-6.2.0.jar:6.2.0]
	at jdk.proxy2/jdk.proxy2.$Proxy140.findAll(Unknown Source) ~[na:na]
	at br.com.vilatoro.ordermanager.service.OrderService.getAllOrders(OrderService.java:35) ~[main/:na]
	at java.base/jdk.internal.reflect.NativeMethodAccessorImpl.invoke0(Native Method) ~[na:na]
	at java.base/jdk.internal.reflect.NativeMethodAccessorImpl.invoke(NativeMethodAccessorImpl.java:77) ~[na:na]
	at java.base/jdk.internal.reflect.DelegatingMethodAccessorImpl.invoke(DelegatingMethodAccessorImpl.java:43) ~[na:na]
	at java.base/java.lang.reflect.Method.invoke(Method.java:569) ~[na:na]
	at org.springframework.aop.support.AopUtils.invokeJoinpointUsingReflection(AopUtils.java:359) ~[spring-aop-6.2.0.jar:6.2.0]
	at org.springframework.aop.framework.CglibAopProxy$DynamicAdvisedInterceptor.intercept(CglibAopProxy.java:723) ~[spring-aop-6.2.0.jar:6.2.0]
	at br.com.vilatoro.ordermanager.service.OrderService$$SpringCGLIB$$0.getAllOrders(<generated>) ~[main/:na]
	at br.com.vilatoro.ordermanager.resource.OrderResource.getAllOrders(OrderResource.java:25) ~[main/:na]
	at java.base/jdk.internal.reflect.NativeMethodAccessorImpl.invoke0(Native Method) ~[na:na]
	at java.base/jdk.internal.reflect.NativeMethodAccessorImpl.invoke(NativeMethodAccessorImpl.java:77) ~[na:na]
	at java.base/jdk.internal.reflect.DelegatingMethodAccessorImpl.invoke(DelegatingMethodAccessorImpl.java:43) ~[na:na]
	at java.base/java.lang.reflect.Method.invoke(Method.java:569) ~[na:na]
	at org.springframework.web.method.support.InvocableHandlerMethod.doInvoke(InvocableHandlerMethod.java:255) ~[spring-web-6.2.0.jar:6.2.0]
	at org.springframework.web.method.support.InvocableHandlerMethod.invokeForRequest(InvocableHandlerMethod.java:188) ~[spring-web-6.2.0.jar:6.2.0]
	at org.springframework.web.servlet.mvc.method.annotation.ServletInvocableHandlerMethod.invokeAndHandle(ServletInvocableHandlerMethod.java:118) ~[spring-webmvc-6.2.0.jar:6.2.0]
	at org.springframework.web.servlet.mvc.method.annotation.RequestMappingHandlerAdapter.invokeHandlerMethod(RequestMappingHandlerAdapter.java:986) ~[spring-webmvc-6.2.0.jar:6.2.0]
	at org.springframework.web.servlet.mvc.method.annotation.RequestMappingHandlerAdapter.handleInternal(RequestMappingHandlerAdapter.java:891) ~[spring-webmvc-6.2.0.jar:6.2.0]
	at org.springframework.web.servlet.mvc.method.AbstractHandlerMethodAdapter.handle(AbstractHandlerMethodAdapter.java:87) ~[spring-webmvc-6.2.0.jar:6.2.0]
	at org.springframework.web.servlet.DispatcherServlet.doDispatch(DispatcherServlet.java:1088) ~[spring-webmvc-6.2.0.jar:6.2.0]
	at org.springframework.web.servlet.DispatcherServlet.doService(DispatcherServlet.java:978) ~[spring-webmvc-6.2.0.jar:6.2.0]
	at org.springframework.web.servlet.FrameworkServlet.processRequest(FrameworkServlet.java:1014) ~[spring-webmvc-6.2.0.jar:6.2.0]
	at org.springframework.web.servlet.FrameworkServlet.doGet(FrameworkServlet.java:903) ~[spring-webmvc-6.2.0.jar:6.2.0]
	at jakarta.servlet.http.HttpServlet.service(HttpServlet.java:564) ~[tomcat-embed-core-10.1.33.jar:6.0]
	at org.springframework.web.servlet.FrameworkServlet.service(FrameworkServlet.java:885) ~[spring-webmvc-6.2.0.jar:6.2.0]
	at jakarta.servlet.http.HttpServlet.service(HttpServlet.java:658) ~[tomcat-embed-core-10.1.33.jar:6.0]
	at org.apache.catalina.core.ApplicationFilterChain.internalDoFilter(ApplicationFilterChain.java:195) ~[tomcat-embed-core-10.1.33.jar:10.1.33]
	at org.apache.catalina.core.ApplicationFilterChain.doFilter(ApplicationFilterChain.java:140) ~[tomcat-embed-core-10.1.33.jar:10.1.33]
	at org.apache.tomcat.websocket.server.WsFilter.doFilter(WsFilter.java:51) ~[tomcat-embed-websocket-10.1.33.jar:10.1.33]
	at org.apache.catalina.core.ApplicationFilterChain.internalDoFilter(ApplicationFilterChain.java:164) ~[tomcat-embed-core-10.1.33.jar:10.1.33]
	at org.apache.catalina.core.ApplicationFilterChain.doFilter(ApplicationFilterChain.java:140) ~[tomcat-embed-core-10.1.33.jar:10.1.33]
	at org.springframework.web.filter.RequestContextFilter.doFilterInternal(RequestContextFilter.java:100) ~[spring-web-6.2.0.jar:6.2.0]
	at org.springframework.web.filter.OncePerRequestFilter.doFilter(OncePerRequestFilter.java:116) ~[spring-web-6.2.0.jar:6.2.0]
	at org.apache.catalina.core.ApplicationFilterChain.internalDoFilter(ApplicationFilterChain.java:164) ~[tomcat-embed-core-10.1.33.jar:10.1.33]
	at org.apache.catalina.core.ApplicationFilterChain.doFilter(ApplicationFilterChain.java:140) ~[tomcat-embed-core-10.1.33.jar:10.1.33]
	at org.springframework.web.filter.FormContentFilter.doFilterInternal(FormContentFilter.java:93) ~[spring-web-6.2.0.jar:6.2.0]
	at org.springframework.web.filter.OncePerRequestFilter.doFilter(OncePerRequestFilter.java:116) ~[spring-web-6.2.0.jar:6.2.0]
	at org.apache.catalina.core.ApplicationFilterChain.internalDoFilter(ApplicationFilterChain.java:164) ~[tomcat-embed-core-10.1.33.jar:10.1.33]
	at org.apache.catalina.core.ApplicationFilterChain.doFilter(ApplicationFilterChain.java:140) ~[tomcat-embed-core-10.1.33.jar:10.1.33]
	at org.springframework.web.filter.ServerHttpObservationFilter.doFilterInternal(ServerHttpObservationFilter.java:114) ~[spring-web-6.2.0.jar:6.2.0]
	at org.springframework.web.filter.OncePerRequestFilter.doFilter(OncePerRequestFilter.java:116) ~[spring-web-6.2.0.jar:6.2.0]
	at org.apache.catalina.core.ApplicationFilterChain.internalDoFilter(ApplicationFilterChain.java:164) ~[tomcat-embed-core-10.1.33.jar:10.1.33]
	at org.apache.catalina.core.ApplicationFilterChain.doFilter(ApplicationFilterChain.java:140) ~[tomcat-embed-core-10.1.33.jar:10.1.33]
	at org.springframework.web.filter.CharacterEncodingFilter.doFilterInternal(CharacterEncodingFilter.java:201) ~[spring-web-6.2.0.jar:6.2.0]
	at org.springframework.web.filter.OncePerRequestFilter.doFilter(OncePerRequestFilter.java:116) ~[spring-web-6.2.0.jar:6.2.0]
	at org.apache.catalina.core.ApplicationFilterChain.internalDoFilter(ApplicationFilterChain.java:164) ~[tomcat-embed-core-10.1.33.jar:10.1.33]
	at org.apache.catalina.core.ApplicationFilterChain.doFilter(ApplicationFilterChain.java:140) ~[tomcat-embed-core-10.1.33.jar:10.1.33]
	at org.apache.catalina.core.StandardWrapperValve.invoke(StandardWrapperValve.java:167) ~[tomcat-embed-core-10.1.33.jar:10.1.33]
	at org.apache.catalina.core.StandardContextValve.invoke(StandardContextValve.java:90) ~[tomcat-embed-core-10.1.33.jar:10.1.33]
	at org.apache.catalina.authenticator.AuthenticatorBase.invoke(AuthenticatorBase.java:483) ~[tomcat-embed-core-10.1.33.jar:10.1.33]
	at org.apache.catalina.core.StandardHostValve.invoke(StandardHostValve.java:115) ~[tomcat-embed-core-10.1.33.jar:10.1.33]
	at org.apache.catalina.valves.ErrorReportValve.invoke(ErrorReportValve.java:93) ~[tomcat-embed-core-10.1.33.jar:10.1.33]
	at org.apache.catalina.core.StandardEngineValve.invoke(StandardEngineValve.java:74) ~[tomcat-embed-core-10.1.33.jar:10.1.33]
	at org.apache.catalina.connector.CoyoteAdapter.service(CoyoteAdapter.java:344) ~[tomcat-embed-core-10.1.33.jar:10.1.33]
	at org.apache.coyote.http11.Http11Processor.service(Http11Processor.java:397) ~[tomcat-embed-core-10.1.33.jar:10.1.33]
	at org.apache.coyote.AbstractProcessorLight.process(AbstractProcessorLight.java:63) ~[tomcat-embed-core-10.1.33.jar:10.1.33]
	at org.apache.coyote.AbstractProtocol$ConnectionHandler.process(AbstractProtocol.java:905) ~[tomcat-embed-core-10.1.33.jar:10.1.33]
	at org.apache.tomcat.util.net.NioEndpoint$SocketProcessor.doRun(NioEndpoint.java:1741) ~[tomcat-embed-core-10.1.33.jar:10.1.33]
	at org.apache.tomcat.util.net.SocketProcessorBase.run(SocketProcessorBase.java:52) ~[tomcat-embed-core-10.1.33.jar:10.1.33]
	at org.apache.tomcat.util.threads.ThreadPoolExecutor.runWorker(ThreadPoolExecutor.java:1190) ~[tomcat-embed-core-10.1.33.jar:10.1.33]
	at org.apache.tomcat.util.threads.ThreadPoolExecutor$Worker.run(ThreadPoolExecutor.java:659) ~[tomcat-embed-core-10.1.33.jar:10.1.33]
	at org.apache.tomcat.util.threads.TaskThread$WrappingRunnable.run(TaskThread.java:63) ~[tomcat-embed-core-10.1.33.jar:10.1.33]
	at java.base/java.lang.Thread.run(Thread.java:840) ~[na:na]

